time="2024-08-09T17:52:35+09:00" level=warning msg="/home/yoonchcul/Documents/Hanium_2024/AEYE_AI/develop/AEYE_AI/Docker/docker-compose.yml: the attribute `version` is obsolete, it will be ignored, please remove it to avoid potential confusion"
#0 building with "default" instance using docker driver

#1 [AEYE-OpticNet internal] load build definition from Dockerfile
#1 transferring dockerfile: 1.34kB done
#1 DONE 0.0s

#2 [AEYE-NetOper internal] load build definition from Dockerfile
#2 transferring dockerfile: 1.04kB done
#2 DONE 0.0s

#3 [AEYE-NetOper internal] load metadata for docker.io/library/python:3.8-slim
#3 ...

#4 [AEYE-OpticNet internal] load metadata for docker.io/tensorflow/tensorflow:1.12.0-rc1-gpu-py3
#4 DONE 6.7s

#5 [AEYE-OpticNet internal] load .dockerignore
#5 transferring context: 2B done
#5 DONE 0.0s

#6 [AEYE-OpticNet  1/13] FROM docker.io/tensorflow/tensorflow:1.12.0-rc1-gpu-py3@sha256:ed8122324df71ddaf144bfc81b99fd8d439ea105f1879ece23a2279d04351722
#6 CACHED

#7 [AEYE-OpticNet internal] load build context
#7 ...

#3 [AEYE-NetOper internal] load metadata for docker.io/library/python:3.8-slim
#3 DONE 6.9s

#7 [AEYE-OpticNet internal] load build context
#7 ...

#8 [AEYE-NetOper internal] load .dockerignore
#8 transferring context: 2B done
#8 DONE 0.0s

#9 [AEYE-NetOper 1/8] FROM docker.io/library/python:3.8-slim@sha256:5a15f0fce97676d7b481dce748fc75c5955fdf987b95f73622d087138459d4b7
#9 resolve docker.io/library/python:3.8-slim@sha256:5a15f0fce97676d7b481dce748fc75c5955fdf987b95f73622d087138459d4b7 0.0s done
#9 DONE 0.0s

#10 [AEYE-NetOper 2/8] WORKDIR /app
#10 CACHED

#11 [AEYE-NetOper internal] load build context
#11 transferring context: 536.67kB 0.0s done
#11 DONE 0.1s

#7 [AEYE-OpticNet internal] load build context
#7 ...

#12 [AEYE-NetOper 3/8] COPY /Docker/AEYE_Network_Operator/dependencies.txt /app/
#12 DONE 0.2s

#7 [AEYE-OpticNet internal] load build context
#7 transferring context: 171.79MB 0.6s done
#7 DONE 0.7s

#13 [AEYE-NetOper 4/8] RUN apt-get update && apt-get install -y     build-essential     libpq-dev     && apt-get clean     && rm -rf /var/lib/apt/lists/*
#13 ...

#14 [AEYE-OpticNet  2/13] RUN pip install keras==2.2.4
#14 0.983 Collecting keras==2.2.4
#14 ...

#13 [AEYE-NetOper 4/8] RUN apt-get update && apt-get install -y     build-essential     libpq-dev     && apt-get clean     && rm -rf /var/lib/apt/lists/*
#13 10.36 Get:1 http://deb.debian.org/debian bookworm InRelease [151 kB]
#13 10.38 Get:2 http://deb.debian.org/debian bookworm-updates InRelease [55.4 kB]
#13 10.39 Get:3 http://deb.debian.org/debian-security bookworm-security InRelease [48.0 kB]
#13 10.57 Get:4 http://deb.debian.org/debian bookworm/main amd64 Packages [8788 kB]
#13 11.14 Get:5 http://deb.debian.org/debian bookworm-updates/main amd64 Packages [13.8 kB]
#13 11.14 Get:6 http://deb.debian.org/debian-security bookworm-security/main amd64 Packages [169 kB]
#13 11.72 Fetched 9225 kB in 11s (810 kB/s)
#13 11.72 Reading package lists...
#13 12.04 Reading package lists...
#13 12.34 Building dependency tree...
#13 12.42 Reading state information...
#13 12.50 The following additional packages will be installed:
#13 12.50   binutils binutils-common binutils-x86-64-linux-gnu bzip2 cpp cpp-12 dirmngr
#13 12.50   dpkg-dev fakeroot fontconfig-config fonts-dejavu-core g++ g++-12 gcc gcc-12
#13 12.50   gnupg gnupg-l10n gnupg-utils gpg gpg-agent gpg-wks-client gpg-wks-server
#13 12.50   gpgconf gpgsm libabsl20220623 libalgorithm-diff-perl
#13 12.50   libalgorithm-diff-xs-perl libalgorithm-merge-perl libaom3 libasan8
#13 12.50   libassuan0 libatomic1 libavif15 libbinutils libbrotli1 libbsd0 libc-dev-bin
#13 12.50   libc-devtools libc6-dev libcc1-0 libcrypt-dev libctf-nobfd0 libctf0
#13 12.50   libdav1d6 libde265-0 libdeflate0 libdpkg-perl libfakeroot
#13 12.50   libfile-fcntllock-perl libfontconfig1 libfreetype6 libgav1-1 libgcc-12-dev
#13 12.50   libgd3 libgdbm-compat4 libgomp1 libgprofng0 libheif1 libisl23 libitm1
#13 12.50   libjansson4 libjbig0 libjpeg62-turbo libksba8 libldap-2.5-0 libldap-common
#13 12.50   liblerc4 liblocale-gettext-perl liblsan0 libmpc3 libmpfr6 libnpth0
#13 12.50   libnsl-dev libnuma1 libperl5.36 libpng16-16 libpq5 libquadmath0 librav1e0
#13 12.50   libsasl2-2 libsasl2-modules libsasl2-modules-db libssl-dev libstdc++-12-dev
#13 12.50   libsvtav1enc1 libtiff6 libtirpc-dev libtsan2 libubsan1 libwebp7 libx11-6
#13 12.50   libx11-data libx265-199 libxau6 libxcb1 libxdmcp6 libxpm4 libyuv0
#13 12.50   linux-libc-dev make manpages manpages-dev patch perl perl-modules-5.36
#13 12.50   pinentry-curses rpcsvc-proto xz-utils
#13 12.50 Suggested packages:
#13 12.50   binutils-doc bzip2-doc cpp-doc gcc-12-locales cpp-12-doc dbus-user-session
#13 12.50   libpam-systemd pinentry-gnome3 tor debian-keyring g++-multilib
#13 12.50   g++-12-multilib gcc-12-doc gcc-multilib autoconf automake libtool flex bison
#13 12.50   gdb gcc-doc gcc-12-multilib parcimonie xloadimage scdaemon glibc-doc
#13 12.50   sensible-utils git bzr libgd-tools postgresql-doc-15
#13 12.50   libsasl2-modules-gssapi-mit | libsasl2-modules-gssapi-heimdal
#13 12.50   libsasl2-modules-ldap libsasl2-modules-otp libsasl2-modules-sql libssl-doc
#13 12.50   libstdc++-12-doc make-doc man-browser ed diffutils-doc perl-doc
#13 12.50   libterm-readline-gnu-perl | libterm-readline-perl-perl
#13 12.50   libtap-harness-archive-perl pinentry-doc
#13 12.80 The following NEW packages will be installed:
#13 12.80   binutils binutils-common binutils-x86-64-linux-gnu build-essential bzip2 cpp
#13 12.80   cpp-12 dirmngr dpkg-dev fakeroot fontconfig-config fonts-dejavu-core g++
#13 12.80   g++-12 gcc gcc-12 gnupg gnupg-l10n gnupg-utils gpg gpg-agent gpg-wks-client
#13 12.80   gpg-wks-server gpgconf gpgsm libabsl20220623 libalgorithm-diff-perl
#13 12.80   libalgorithm-diff-xs-perl libalgorithm-merge-perl libaom3 libasan8
#13 12.80   libassuan0 libatomic1 libavif15 libbinutils libbrotli1 libbsd0 libc-dev-bin
#13 12.80   libc-devtools libc6-dev libcc1-0 libcrypt-dev libctf-nobfd0 libctf0
#13 12.80   libdav1d6 libde265-0 libdeflate0 libdpkg-perl libfakeroot
#13 12.80   libfile-fcntllock-perl libfontconfig1 libfreetype6 libgav1-1 libgcc-12-dev
#13 12.80   libgd3 libgdbm-compat4 libgomp1 libgprofng0 libheif1 libisl23 libitm1
#13 12.80   libjansson4 libjbig0 libjpeg62-turbo libksba8 libldap-2.5-0 libldap-common
#13 12.80   liblerc4 liblocale-gettext-perl liblsan0 libmpc3 libmpfr6 libnpth0
#13 12.80   libnsl-dev libnuma1 libperl5.36 libpng16-16 libpq-dev libpq5 libquadmath0
#13 12.80   librav1e0 libsasl2-2 libsasl2-modules libsasl2-modules-db libssl-dev
#13 12.80   libstdc++-12-dev libsvtav1enc1 libtiff6 libtirpc-dev libtsan2 libubsan1
#13 12.80   libwebp7 libx11-6 libx11-data libx265-199 libxau6 libxcb1 libxdmcp6 libxpm4
#13 12.80   libyuv0 linux-libc-dev make manpages manpages-dev patch perl
#13 12.80   perl-modules-5.36 pinentry-curses rpcsvc-proto xz-utils
#13 ...

#14 [AEYE-OpticNet  2/13] RUN pip install keras==2.2.4
#14 11.18   Downloading https://files.pythonhosted.org/packages/5e/10/aa32dad071ce52b5502266b5c659451cfd6ffcbf14e6c8c4f16c0ff5aaab/Keras-2.2.4-py2.py3-none-any.whl (312kB)
#14 11.42 Requirement already satisfied: six>=1.9.0 in /usr/local/lib/python3.5/dist-packages (from keras==2.2.4) (1.11.0)
#14 11.42 Requirement already satisfied: h5py in /usr/local/lib/python3.5/dist-packages (from keras==2.2.4) (2.8.0)
#14 11.42 Requirement already satisfied: keras-applications>=1.0.6 in /usr/local/lib/python3.5/dist-packages (from keras==2.2.4) (1.0.6)
#14 11.43 Requirement already satisfied: keras-preprocessing>=1.0.5 in /usr/local/lib/python3.5/dist-packages (from keras==2.2.4) (1.0.5)
#14 11.44 Requirement already satisfied: scipy>=0.14 in /usr/local/lib/python3.5/dist-packages (from keras==2.2.4) (1.1.0)
#14 11.44 Requirement already satisfied: numpy>=1.9.1 in /usr/local/lib/python3.5/dist-packages (from keras==2.2.4) (1.15.2)
#14 11.45 Collecting pyyaml (from keras==2.2.4)
#14 11.56   Downloading https://files.pythonhosted.org/packages/64/c2/b80047c7ac2478f9501676c988a5411ed5572f35d1beff9cae07d321512c/PyYAML-5.3.1.tar.gz (269kB)
#14 11.91 Building wheels for collected packages: pyyaml
#14 11.91   Running setup.py bdist_wheel for pyyaml: started
#14 12.22   Running setup.py bdist_wheel for pyyaml: finished with status 'done'
#14 12.22   Stored in directory: /root/.cache/pip/wheels/a7/c1/ea/cf5bd31012e735dc1dfea3131a2d5eae7978b251083d6247bd
#14 12.25 Successfully built pyyaml
#14 12.37 Installing collected packages: pyyaml, keras
#14 12.54 Successfully installed keras-2.2.4 pyyaml-5.3.1
#14 17.83 You are using pip version 18.1, however version 20.3.4 is available.
#14 17.83 You should consider upgrading via the 'pip install --upgrade pip' command.
#14 DONE 18.1s

#15 [AEYE-OpticNet  3/13] RUN pip install pycm==1.9 matplotlib sklearn
#15 1.000 Collecting pycm==1.9
#15 ...

#13 [AEYE-NetOper 4/8] RUN apt-get update && apt-get install -y     build-essential     libpq-dev     && apt-get clean     && rm -rf /var/lib/apt/lists/*
#13 22.85 0 upgraded, 110 newly installed, 0 to remove and 0 not upgraded.
#13 22.85 Need to get 101 MB of archives.
#13 22.85 After this operation, 403 MB of additional disk space will be used.
#13 22.85 Get:1 http://deb.debian.org/debian bookworm/main amd64 perl-modules-5.36 all 5.36.0-7+deb12u1 [2815 kB]
#13 23.08 Get:2 http://deb.debian.org/debian bookworm/main amd64 libgdbm-compat4 amd64 1.23-3 [48.2 kB]
#13 23.09 Get:3 http://deb.debian.org/debian bookworm/main amd64 libperl5.36 amd64 5.36.0-7+deb12u1 [4218 kB]
#13 23.48 Get:4 http://deb.debian.org/debian bookworm/main amd64 perl amd64 5.36.0-7+deb12u1 [239 kB]
#13 23.49 Get:5 http://deb.debian.org/debian bookworm/main amd64 liblocale-gettext-perl amd64 1.07-5 [15.4 kB]
#13 23.49 Get:6 http://deb.debian.org/debian bookworm/main amd64 bzip2 amd64 1.0.8-5+b1 [49.8 kB]
#13 23.49 Get:7 http://deb.debian.org/debian bookworm/main amd64 manpages all 6.03-2 [1332 kB]
#13 23.52 Get:8 http://deb.debian.org/debian bookworm/main amd64 xz-utils amd64 5.4.1-0.2 [471 kB]
#13 23.54 Get:9 http://deb.debian.org/debian bookworm/main amd64 binutils-common amd64 2.40-2 [2487 kB]
#13 23.74 Get:10 http://deb.debian.org/debian bookworm/main amd64 libbinutils amd64 2.40-2 [572 kB]
#13 23.76 Get:11 http://deb.debian.org/debian bookworm/main amd64 libctf-nobfd0 amd64 2.40-2 [153 kB]
#13 23.76 Get:12 http://deb.debian.org/debian bookworm/main amd64 libctf0 amd64 2.40-2 [89.8 kB]
#13 23.77 Get:13 http://deb.debian.org/debian bookworm/main amd64 libgprofng0 amd64 2.40-2 [812 kB]
#13 23.93 Get:14 http://deb.debian.org/debian bookworm/main amd64 libjansson4 amd64 2.14-2 [40.8 kB]
#13 23.93 Get:15 http://deb.debian.org/debian bookworm/main amd64 binutils-x86-64-linux-gnu amd64 2.40-2 [2246 kB]
#13 23.99 Get:16 http://deb.debian.org/debian bookworm/main amd64 binutils amd64 2.40-2 [65.0 kB]
#13 23.99 Get:17 http://deb.debian.org/debian bookworm/main amd64 libc-dev-bin amd64 2.36-9+deb12u7 [45.8 kB]
#13 24.00 Get:18 http://deb.debian.org/debian-security bookworm-security/main amd64 linux-libc-dev amd64 6.1.99-1 [2007 kB]
#13 24.18 Get:19 http://deb.debian.org/debian bookworm/main amd64 libcrypt-dev amd64 1:4.4.33-2 [118 kB]
#13 24.18 Get:20 http://deb.debian.org/debian bookworm/main amd64 libtirpc-dev amd64 1.3.3+ds-1 [191 kB]
#13 24.35 Get:21 http://deb.debian.org/debian bookworm/main amd64 libnsl-dev amd64 1.3.0-2 [66.4 kB]
#13 24.35 Get:22 http://deb.debian.org/debian bookworm/main amd64 rpcsvc-proto amd64 1.4.3-1 [63.3 kB]
#13 24.35 Get:23 http://deb.debian.org/debian bookworm/main amd64 libc6-dev amd64 2.36-9+deb12u7 [1899 kB]
#13 24.41 Get:24 http://deb.debian.org/debian bookworm/main amd64 libisl23 amd64 0.25-1.1 [683 kB]
#13 24.43 Get:25 http://deb.debian.org/debian bookworm/main amd64 libmpfr6 amd64 4.2.0-1 [701 kB]
#13 24.45 Get:26 http://deb.debian.org/debian bookworm/main amd64 libmpc3 amd64 1.3.1-1 [51.5 kB]
#13 24.45 Get:27 http://deb.debian.org/debian bookworm/main amd64 cpp-12 amd64 12.2.0-14 [9764 kB]
#13 25.29 Get:28 http://deb.debian.org/debian bookworm/main amd64 cpp amd64 4:12.2.0-3 [6836 B]
#13 25.29 Get:29 http://deb.debian.org/debian bookworm/main amd64 libcc1-0 amd64 12.2.0-14 [41.7 kB]
#13 25.29 Get:30 http://deb.debian.org/debian bookworm/main amd64 libgomp1 amd64 12.2.0-14 [116 kB]
#13 25.29 Get:31 http://deb.debian.org/debian bookworm/main amd64 libitm1 amd64 12.2.0-14 [26.1 kB]
#13 25.29 Get:32 http://deb.debian.org/debian bookworm/main amd64 libatomic1 amd64 12.2.0-14 [9328 B]
#13 25.29 Get:33 http://deb.debian.org/debian bookworm/main amd64 libasan8 amd64 12.2.0-14 [2195 kB]
#13 25.36 Get:34 http://deb.debian.org/debian bookworm/main amd64 liblsan0 amd64 12.2.0-14 [969 kB]
#13 25.52 Get:35 http://deb.debian.org/debian bookworm/main amd64 libtsan2 amd64 12.2.0-14 [2196 kB]
#13 25.76 Get:36 http://deb.debian.org/debian bookworm/main amd64 libubsan1 amd64 12.2.0-14 [883 kB]
#13 25.80 Get:37 http://deb.debian.org/debian bookworm/main amd64 libquadmath0 amd64 12.2.0-14 [144 kB]
#13 25.81 Get:38 http://deb.debian.org/debian bookworm/main amd64 libgcc-12-dev amd64 12.2.0-14 [2437 kB]
#13 25.88 Get:39 http://deb.debian.org/debian bookworm/main amd64 gcc-12 amd64 12.2.0-14 [19.3 MB]
#13 26.45 Get:40 http://deb.debian.org/debian bookworm/main amd64 gcc amd64 4:12.2.0-3 [5216 B]
#13 26.45 Get:41 http://deb.debian.org/debian bookworm/main amd64 libstdc++-12-dev amd64 12.2.0-14 [2046 kB]
#13 26.50 Get:42 http://deb.debian.org/debian bookworm/main amd64 g++-12 amd64 12.2.0-14 [10.7 MB]
#13 26.83 Get:43 http://deb.debian.org/debian bookworm/main amd64 g++ amd64 4:12.2.0-3 [1356 B]
#13 26.83 Get:44 http://deb.debian.org/debian bookworm/main amd64 make amd64 4.3-4.1 [396 kB]
#13 26.84 Get:45 http://deb.debian.org/debian bookworm/main amd64 libdpkg-perl all 1.21.22 [603 kB]
#13 26.85 Get:46 http://deb.debian.org/debian bookworm/main amd64 patch amd64 2.7.6-7 [128 kB]
#13 26.86 Get:47 http://deb.debian.org/debian bookworm/main amd64 dpkg-dev all 1.21.22 [1353 kB]
#13 26.90 Get:48 http://deb.debian.org/debian bookworm/main amd64 build-essential amd64 12.9 [7704 B]
#13 26.90 Get:49 http://deb.debian.org/debian bookworm/main amd64 libassuan0 amd64 2.5.5-5 [48.5 kB]
#13 26.90 Get:50 http://deb.debian.org/debian bookworm/main amd64 gpgconf amd64 2.2.40-1.1 [564 kB]
#13 26.92 Get:51 http://deb.debian.org/debian bookworm/main amd64 libksba8 amd64 1.6.3-2 [128 kB]
#13 26.92 Get:52 http://deb.debian.org/debian bookworm/main amd64 libsasl2-modules-db amd64 2.1.28+dfsg-10 [20.3 kB]
#13 26.92 Get:53 http://deb.debian.org/debian bookworm/main amd64 libsasl2-2 amd64 2.1.28+dfsg-10 [59.7 kB]
#13 26.92 Get:54 http://deb.debian.org/debian bookworm/main amd64 libldap-2.5-0 amd64 2.5.13+dfsg-5 [183 kB]
#13 26.93 Get:55 http://deb.debian.org/debian bookworm/main amd64 libnpth0 amd64 1.6-3 [19.0 kB]
#13 26.93 Get:56 http://deb.debian.org/debian bookworm/main amd64 dirmngr amd64 2.2.40-1.1 [792 kB]
#13 26.95 Get:57 http://deb.debian.org/debian bookworm/main amd64 libfakeroot amd64 1.31-1.2 [28.3 kB]
#13 26.95 Get:58 http://deb.debian.org/debian bookworm/main amd64 fakeroot amd64 1.31-1.2 [66.9 kB]
#13 26.96 Get:59 http://deb.debian.org/debian bookworm/main amd64 fonts-dejavu-core all 2.37-6 [1068 kB]
#13 26.99 Get:60 http://deb.debian.org/debian bookworm/main amd64 fontconfig-config amd64 2.14.1-4 [315 kB]
#13 27.00 Get:61 http://deb.debian.org/debian bookworm/main amd64 gnupg-l10n all 2.2.40-1.1 [1093 kB]
#13 27.02 Get:62 http://deb.debian.org/debian bookworm/main amd64 gnupg-utils amd64 2.2.40-1.1 [927 kB]
#13 27.05 Get:63 http://deb.debian.org/debian bookworm/main amd64 gpg amd64 2.2.40-1.1 [949 kB]
#13 27.07 Get:64 http://deb.debian.org/debian bookworm/main amd64 pinentry-curses amd64 1.2.1-1 [77.4 kB]
#13 27.08 Get:65 http://deb.debian.org/debian bookworm/main amd64 gpg-agent amd64 2.2.40-1.1 [695 kB]
#13 27.09 Get:66 http://deb.debian.org/debian bookworm/main amd64 gpg-wks-client amd64 2.2.40-1.1 [541 kB]
#13 27.11 Get:67 http://deb.debian.org/debian bookworm/main amd64 gpg-wks-server amd64 2.2.40-1.1 [531 kB]
#13 27.12 Get:68 http://deb.debian.org/debian bookworm/main amd64 gpgsm amd64 2.2.40-1.1 [671 kB]
#13 27.14 Get:69 http://deb.debian.org/debian bookworm/main amd64 gnupg all 2.2.40-1.1 [846 kB]
#13 27.16 Get:70 http://deb.debian.org/debian bookworm/main amd64 libabsl20220623 amd64 20220623.1-1 [391 kB]
#13 27.17 Get:71 http://deb.debian.org/debian bookworm/main amd64 libalgorithm-diff-perl all 1.201-1 [43.3 kB]
#13 27.17 Get:72 http://deb.debian.org/debian bookworm/main amd64 libalgorithm-diff-xs-perl amd64 0.04-8+b1 [11.4 kB]
#13 27.17 Get:73 http://deb.debian.org/debian bookworm/main amd64 libalgorithm-merge-perl all 0.08-5 [11.8 kB]
#13 27.17 Get:74 http://deb.debian.org/debian bookworm/main amd64 libaom3 amd64 3.6.0-1 [1851 kB]
#13 27.23 Get:75 http://deb.debian.org/debian bookworm/main amd64 libdav1d6 amd64 1.0.0-2+deb12u1 [513 kB]
#13 27.24 Get:76 http://deb.debian.org/debian bookworm/main amd64 libgav1-1 amd64 0.18.0-1+b1 [332 kB]
#13 27.24 Get:77 http://deb.debian.org/debian bookworm/main amd64 librav1e0 amd64 0.5.1-6 [763 kB]
#13 27.26 Get:78 http://deb.debian.org/debian bookworm/main amd64 libsvtav1enc1 amd64 1.4.1+dfsg-1 [2121 kB]
#13 27.32 Get:79 http://deb.debian.org/debian bookworm/main amd64 libjpeg62-turbo amd64 1:2.1.5-2 [166 kB]
#13 27.42 Get:80 http://deb.debian.org/debian bookworm/main amd64 libyuv0 amd64 0.0~git20230123.b2528b0-1 [168 kB]
#13 27.47 Get:81 http://deb.debian.org/debian bookworm/main amd64 libavif15 amd64 0.11.1-1 [93.8 kB]
#13 27.47 Get:82 http://deb.debian.org/debian bookworm/main amd64 libbrotli1 amd64 1.0.9-2+b6 [275 kB]
#13 27.49 Get:83 http://deb.debian.org/debian bookworm/main amd64 libbsd0 amd64 0.11.7-2 [117 kB]
#13 27.49 Get:84 http://deb.debian.org/debian bookworm/main amd64 libpng16-16 amd64 1.6.39-2 [276 kB]
#13 27.49 Get:85 http://deb.debian.org/debian bookworm/main amd64 libfreetype6 amd64 2.12.1+dfsg-5+deb12u3 [398 kB]
#13 27.50 Get:86 http://deb.debian.org/debian bookworm/main amd64 libfontconfig1 amd64 2.14.1-4 [386 kB]
#13 27.52 Get:87 http://deb.debian.org/debian bookworm/main amd64 libde265-0 amd64 1.0.11-1+deb12u2 [185 kB]
#13 27.52 Get:88 http://deb.debian.org/debian bookworm/main amd64 libnuma1 amd64 2.0.16-1 [21.0 kB]
#13 27.52 Get:89 http://deb.debian.org/debian bookworm/main amd64 libx265-199 amd64 3.5-2+b1 [1150 kB]
#13 27.55 Get:90 http://deb.debian.org/debian bookworm/main amd64 libheif1 amd64 1.15.1-1 [215 kB]
#13 27.57 Get:91 http://deb.debian.org/debian bookworm/main amd64 libdeflate0 amd64 1.14-1 [61.4 kB]
#13 27.57 Get:92 http://deb.debian.org/debian bookworm/main amd64 libjbig0 amd64 2.1-6.1 [31.7 kB]
#13 27.57 Get:93 http://deb.debian.org/debian bookworm/main amd64 liblerc4 amd64 4.0.0+ds-2 [170 kB]
#13 27.57 Get:94 http://deb.debian.org/debian bookworm/main amd64 libwebp7 amd64 1.2.4-0.2+deb12u1 [286 kB]
#13 27.58 Get:95 http://deb.debian.org/debian bookworm/main amd64 libtiff6 amd64 4.5.0-6+deb12u1 [316 kB]
#13 27.59 Get:96 http://deb.debian.org/debian bookworm/main amd64 libxau6 amd64 1:1.0.9-1 [19.7 kB]
#13 27.59 Get:97 http://deb.debian.org/debian bookworm/main amd64 libxdmcp6 amd64 1:1.1.2-3 [26.3 kB]
#13 27.59 Get:98 http://deb.debian.org/debian bookworm/main amd64 libxcb1 amd64 1.15-1 [144 kB]
#13 27.60 Get:99 http://deb.debian.org/debian bookworm/main amd64 libx11-data all 2:1.8.4-2+deb12u2 [292 kB]
#13 27.61 Get:100 http://deb.debian.org/debian bookworm/main amd64 libx11-6 amd64 2:1.8.4-2+deb12u2 [760 kB]
#13 27.63 Get:101 http://deb.debian.org/debian bookworm/main amd64 libxpm4 amd64 1:3.5.12-1.1+deb12u1 [48.6 kB]
#13 27.63 Get:102 http://deb.debian.org/debian bookworm/main amd64 libgd3 amd64 2.3.3-9 [124 kB]
#13 27.63 Get:103 http://deb.debian.org/debian bookworm/main amd64 libc-devtools amd64 2.36-9+deb12u7 [53.4 kB]
#13 27.63 Get:104 http://deb.debian.org/debian bookworm/main amd64 libfile-fcntllock-perl amd64 0.22-4+b1 [34.8 kB]
#13 27.63 Get:105 http://deb.debian.org/debian bookworm/main amd64 libldap-common all 2.5.13+dfsg-5 [29.3 kB]
#13 27.64 Get:106 http://deb.debian.org/debian-security bookworm-security/main amd64 libpq5 amd64 15.8-0+deb12u1 [188 kB]
#13 27.64 Get:107 http://deb.debian.org/debian bookworm/main amd64 libssl-dev amd64 3.0.13-1~deb12u1 [2435 kB]
#13 27.71 Get:108 http://deb.debian.org/debian-security bookworm-security/main amd64 libpq-dev amd64 15.8-0+deb12u1 [144 kB]
#13 27.72 Get:109 http://deb.debian.org/debian bookworm/main amd64 libsasl2-modules amd64 2.1.28+dfsg-10 [66.6 kB]
#13 27.72 Get:110 http://deb.debian.org/debian bookworm/main amd64 manpages-dev all 6.03-2 [2030 kB]
#13 27.89 debconf: delaying package configuration, since apt-utils is not installed
#13 27.92 Fetched 101 MB in 15s (6759 kB/s)
#13 27.94 Selecting previously unselected package perl-modules-5.36.
#13 27.94 (Reading database ... (Reading database ... 5%(Reading database ... 10%(Reading database ... 15%(Reading database ... 20%(Reading database ... 25%(Reading database ... 30%(Reading database ... 35%(Reading database ... 40%(Reading database ... 45%(Reading database ... 50%(Reading database ... 55%(Reading database ... 60%(Reading database ... 65%(Reading database ... 70%(Reading database ... 75%(Reading database ... 80%(Reading database ... 85%(Reading database ... 90%(Reading database ... 95%(Reading database ... 100%(Reading database ... 6696 files and directories currently installed.)
#13 27.96 Preparing to unpack .../000-perl-modules-5.36_5.36.0-7+deb12u1_all.deb ...
#13 27.96 Unpacking perl-modules-5.36 (5.36.0-7+deb12u1) ...
#13 28.22 Selecting previously unselected package libgdbm-compat4:amd64.
#13 28.22 Preparing to unpack .../001-libgdbm-compat4_1.23-3_amd64.deb ...
#13 28.23 Unpacking libgdbm-compat4:amd64 (1.23-3) ...
#13 28.27 Selecting previously unselected package libperl5.36:amd64.
#13 28.27 Preparing to unpack .../002-libperl5.36_5.36.0-7+deb12u1_amd64.deb ...
#13 28.27 Unpacking libperl5.36:amd64 (5.36.0-7+deb12u1) ...
#13 28.51 Selecting previously unselected package perl.
#13 28.52 Preparing to unpack .../003-perl_5.36.0-7+deb12u1_amd64.deb ...
#13 28.53 Unpacking perl (5.36.0-7+deb12u1) ...
#13 28.56 Selecting previously unselected package liblocale-gettext-perl.
#13 28.57 Preparing to unpack .../004-liblocale-gettext-perl_1.07-5_amd64.deb ...
#13 28.57 Unpacking liblocale-gettext-perl (1.07-5) ...
#13 28.60 Selecting previously unselected package bzip2.
#13 28.60 Preparing to unpack .../005-bzip2_1.0.8-5+b1_amd64.deb ...
#13 28.61 Unpacking bzip2 (1.0.8-5+b1) ...
#13 28.64 Selecting previously unselected package manpages.
#13 28.64 Preparing to unpack .../006-manpages_6.03-2_all.deb ...
#13 28.65 Unpacking manpages (6.03-2) ...
#13 28.72 Selecting previously unselected package xz-utils.
#13 28.72 Preparing to unpack .../007-xz-utils_5.4.1-0.2_amd64.deb ...
#13 28.73 Unpacking xz-utils (5.4.1-0.2) ...
#13 28.78 Selecting previously unselected package binutils-common:amd64.
#13 28.78 Preparing to unpack .../008-binutils-common_2.40-2_amd64.deb ...
#13 28.79 Unpacking binutils-common:amd64 (2.40-2) ...
#13 28.94 Selecting previously unselected package libbinutils:amd64.
#13 28.94 Preparing to unpack .../009-libbinutils_2.40-2_amd64.deb ...
#13 28.95 Unpacking libbinutils:amd64 (2.40-2) ...
#13 29.02 Selecting previously unselected package libctf-nobfd0:amd64.
#13 29.02 Preparing to unpack .../010-libctf-nobfd0_2.40-2_amd64.deb ...
#13 29.02 Unpacking libctf-nobfd0:amd64 (2.40-2) ...
#13 29.07 Selecting previously unselected package libctf0:amd64.
#13 29.07 Preparing to unpack .../011-libctf0_2.40-2_amd64.deb ...
#13 29.08 Unpacking libctf0:amd64 (2.40-2) ...
#13 29.12 Selecting previously unselected package libgprofng0:amd64.
#13 29.13 Preparing to unpack .../012-libgprofng0_2.40-2_amd64.deb ...
#13 29.13 Unpacking libgprofng0:amd64 (2.40-2) ...
#13 29.21 Selecting previously unselected package libjansson4:amd64.
#13 29.21 Preparing to unpack .../013-libjansson4_2.14-2_amd64.deb ...
#13 29.21 Unpacking libjansson4:amd64 (2.14-2) ...
#13 29.25 Selecting previously unselected package binutils-x86-64-linux-gnu.
#13 29.25 Preparing to unpack .../014-binutils-x86-64-linux-gnu_2.40-2_amd64.deb ...
#13 29.25 Unpacking binutils-x86-64-linux-gnu (2.40-2) ...
#13 29.40 Selecting previously unselected package binutils.
#13 29.40 Preparing to unpack .../015-binutils_2.40-2_amd64.deb ...
#13 29.41 Unpacking binutils (2.40-2) ...
#13 29.45 Selecting previously unselected package libc-dev-bin.
#13 29.45 Preparing to unpack .../016-libc-dev-bin_2.36-9+deb12u7_amd64.deb ...
#13 29.46 Unpacking libc-dev-bin (2.36-9+deb12u7) ...
#13 29.49 Selecting previously unselected package linux-libc-dev:amd64.
#13 29.49 Preparing to unpack .../017-linux-libc-dev_6.1.99-1_amd64.deb ...
#13 29.50 Unpacking linux-libc-dev:amd64 (6.1.99-1) ...
#13 29.67 Selecting previously unselected package libcrypt-dev:amd64.
#13 29.67 Preparing to unpack .../018-libcrypt-dev_1%3a4.4.33-2_amd64.deb ...
#13 29.68 Unpacking libcrypt-dev:amd64 (1:4.4.33-2) ...
#13 29.72 Selecting previously unselected package libtirpc-dev:amd64.
#13 29.72 Preparing to unpack .../019-libtirpc-dev_1.3.3+ds-1_amd64.deb ...
#13 29.73 Unpacking libtirpc-dev:amd64 (1.3.3+ds-1) ...
#13 29.77 Selecting previously unselected package libnsl-dev:amd64.
#13 29.78 Preparing to unpack .../020-libnsl-dev_1.3.0-2_amd64.deb ...
#13 29.78 Unpacking libnsl-dev:amd64 (1.3.0-2) ...
#13 29.82 Selecting previously unselected package rpcsvc-proto.
#13 29.82 Preparing to unpack .../021-rpcsvc-proto_1.4.3-1_amd64.deb ...
#13 29.83 Unpacking rpcsvc-proto (1.4.3-1) ...
#13 29.87 Selecting previously unselected package libc6-dev:amd64.
#13 29.87 Preparing to unpack .../022-libc6-dev_2.36-9+deb12u7_amd64.deb ...
#13 29.87 Unpacking libc6-dev:amd64 (2.36-9+deb12u7) ...
#13 ...

#15 [AEYE-OpticNet  3/13] RUN pip install pycm==1.9 matplotlib sklearn
#15 11.37   Downloading https://files.pythonhosted.org/packages/35/8a/e66c99ce5c2f7ed2dee370e1e0e477d34947e89c918a53c316171dda83e6/pycm-1.9-py2.py3-none-any.whl
#15 11.55 Requirement already satisfied: matplotlib in /usr/local/lib/python3.5/dist-packages (3.0.0)
#15 11.55 Requirement already satisfied: sklearn in /usr/local/lib/python3.5/dist-packages (0.0)
#15 11.55 Requirement already satisfied: numpy>=1.9.0 in /usr/local/lib/python3.5/dist-packages (from pycm==1.9) (1.15.2)
#15 11.56 Collecting art>=1.8 (from pycm==1.9)
#15 11.83   Downloading https://files.pythonhosted.org/packages/bc/ac/d558322269ece0b89226d8cde82500617f1e76448982501527e711a7e0a9/art-6.2-py3-none-any.whl (601kB)
#15 11.91 Requirement already satisfied: kiwisolver>=1.0.1 in /usr/local/lib/python3.5/dist-packages (from matplotlib) (1.0.1)
#15 11.91 Requirement already satisfied: pyparsing!=2.0.4,!=2.1.2,!=2.1.6,>=2.0.1 in /usr/local/lib/python3.5/dist-packages (from matplotlib) (2.2.2)
#15 11.91 Requirement already satisfied: cycler>=0.10 in /usr/local/lib/python3.5/dist-packages (from matplotlib) (0.10.0)
#15 11.91 Requirement already satisfied: python-dateutil>=2.1 in /usr/local/lib/python3.5/dist-packages (from matplotlib) (2.7.3)
#15 11.91 Requirement already satisfied: scikit-learn in /usr/local/lib/python3.5/dist-packages (from sklearn) (0.20.0)
#15 11.92 Requirement already satisfied: setuptools in /usr/local/lib/python3.5/dist-packages (from kiwisolver>=1.0.1->matplotlib) (40.4.3)
#15 11.92 Requirement already satisfied: six in /usr/local/lib/python3.5/dist-packages (from cycler>=0.10->matplotlib) (1.11.0)
#15 11.92 Requirement already satisfied: scipy>=0.13.3 in /usr/local/lib/python3.5/dist-packages (from scikit-learn->sklearn) (1.1.0)
#15 12.04 Installing collected packages: art, pycm
#15 12.31 Successfully installed art-6.2 pycm-1.9
#15 12.33 You are using pip version 18.1, however version 20.3.4 is available.
#15 12.33 You should consider upgrading via the 'pip install --upgrade pip' command.
#15 DONE 12.5s

#13 [AEYE-NetOper 4/8] RUN apt-get update && apt-get install -y     build-essential     libpq-dev     && apt-get clean     && rm -rf /var/lib/apt/lists/*
#13 30.07 Selecting previously unselected package libisl23:amd64.
#13 30.07 Preparing to unpack .../023-libisl23_0.25-1.1_amd64.deb ...
#13 30.08 Unpacking libisl23:amd64 (0.25-1.1) ...
#13 30.15 Selecting previously unselected package libmpfr6:amd64.
#13 30.16 Preparing to unpack .../024-libmpfr6_4.2.0-1_amd64.deb ...
#13 30.16 Unpacking libmpfr6:amd64 (4.2.0-1) ...
#13 30.23 Selecting previously unselected package libmpc3:amd64.
#13 30.23 Preparing to unpack .../025-libmpc3_1.3.1-1_amd64.deb ...
#13 30.24 Unpacking libmpc3:amd64 (1.3.1-1) ...
#13 30.28 Selecting previously unselected package cpp-12.
#13 30.28 Preparing to unpack .../026-cpp-12_12.2.0-14_amd64.deb ...
#13 30.28 Unpacking cpp-12 (12.2.0-14) ...
#13 30.69 Selecting previously unselected package cpp.
#13 30.69 Preparing to unpack .../027-cpp_4%3a12.2.0-3_amd64.deb ...
#13 30.69 Unpacking cpp (4:12.2.0-3) ...
#13 30.74 Selecting previously unselected package libcc1-0:amd64.
#13 30.74 Preparing to unpack .../028-libcc1-0_12.2.0-14_amd64.deb ...
#13 30.74 Unpacking libcc1-0:amd64 (12.2.0-14) ...
#13 30.79 Selecting previously unselected package libgomp1:amd64.
#13 30.79 Preparing to unpack .../029-libgomp1_12.2.0-14_amd64.deb ...
#13 30.80 Unpacking libgomp1:amd64 (12.2.0-14) ...
#13 30.84 Selecting previously unselected package libitm1:amd64.
#13 30.84 Preparing to unpack .../030-libitm1_12.2.0-14_amd64.deb ...
#13 30.85 Unpacking libitm1:amd64 (12.2.0-14) ...
#13 30.89 Selecting previously unselected package libatomic1:amd64.
#13 30.89 Preparing to unpack .../031-libatomic1_12.2.0-14_amd64.deb ...
#13 30.90 Unpacking libatomic1:amd64 (12.2.0-14) ...
#13 30.94 Selecting previously unselected package libasan8:amd64.
#13 30.94 Preparing to unpack .../032-libasan8_12.2.0-14_amd64.deb ...
#13 30.94 Unpacking libasan8:amd64 (12.2.0-14) ...
#13 31.10 Selecting previously unselected package liblsan0:amd64.
#13 31.10 Preparing to unpack .../033-liblsan0_12.2.0-14_amd64.deb ...
#13 31.10 Unpacking liblsan0:amd64 (12.2.0-14) ...
#13 31.19 Selecting previously unselected package libtsan2:amd64.
#13 31.19 Preparing to unpack .../034-libtsan2_12.2.0-14_amd64.deb ...
#13 31.19 Unpacking libtsan2:amd64 (12.2.0-14) ...
#13 31.34 Selecting previously unselected package libubsan1:amd64.
#13 31.34 Preparing to unpack .../035-libubsan1_12.2.0-14_amd64.deb ...
#13 31.35 Unpacking libubsan1:amd64 (12.2.0-14) ...
#13 31.43 Selecting previously unselected package libquadmath0:amd64.
#13 31.44 Preparing to unpack .../036-libquadmath0_12.2.0-14_amd64.deb ...
#13 31.44 Unpacking libquadmath0:amd64 (12.2.0-14) ...
#13 31.48 Selecting previously unselected package libgcc-12-dev:amd64.
#13 31.48 Preparing to unpack .../037-libgcc-12-dev_12.2.0-14_amd64.deb ...
#13 31.49 Unpacking libgcc-12-dev:amd64 (12.2.0-14) ...
#13 31.63 Selecting previously unselected package gcc-12.
#13 31.63 Preparing to unpack .../038-gcc-12_12.2.0-14_amd64.deb ...
#13 31.63 Unpacking gcc-12 (12.2.0-14) ...
#13 32.11 Selecting previously unselected package gcc.
#13 32.11 Preparing to unpack .../039-gcc_4%3a12.2.0-3_amd64.deb ...
#13 32.12 Unpacking gcc (4:12.2.0-3) ...
#13 32.15 Selecting previously unselected package libstdc++-12-dev:amd64.
#13 32.15 Preparing to unpack .../040-libstdc++-12-dev_12.2.0-14_amd64.deb ...
#13 32.16 Unpacking libstdc++-12-dev:amd64 (12.2.0-14) ...
#13 32.34 Selecting previously unselected package g++-12.
#13 32.34 Preparing to unpack .../041-g++-12_12.2.0-14_amd64.deb ...
#13 32.34 Unpacking g++-12 (12.2.0-14) ...
#13 32.75 Selecting previously unselected package g++.
#13 32.76 Preparing to unpack .../042-g++_4%3a12.2.0-3_amd64.deb ...
#13 32.76 Unpacking g++ (4:12.2.0-3) ...
#13 32.80 Selecting previously unselected package make.
#13 32.80 Preparing to unpack .../043-make_4.3-4.1_amd64.deb ...
#13 32.80 Unpacking make (4.3-4.1) ...
#13 32.85 Selecting previously unselected package libdpkg-perl.
#13 32.86 Preparing to unpack .../044-libdpkg-perl_1.21.22_all.deb ...
#13 32.86 Unpacking libdpkg-perl (1.21.22) ...
#13 32.92 Selecting previously unselected package patch.
#13 32.92 Preparing to unpack .../045-patch_2.7.6-7_amd64.deb ...
#13 32.93 Unpacking patch (2.7.6-7) ...
#13 32.97 Selecting previously unselected package dpkg-dev.
#13 32.97 Preparing to unpack .../046-dpkg-dev_1.21.22_all.deb ...
#13 32.98 Unpacking dpkg-dev (1.21.22) ...
#13 33.06 Selecting previously unselected package build-essential.
#13 33.06 Preparing to unpack .../047-build-essential_12.9_amd64.deb ...
#13 33.07 Unpacking build-essential (12.9) ...
#13 33.11 Selecting previously unselected package libassuan0:amd64.
#13 33.11 Preparing to unpack .../048-libassuan0_2.5.5-5_amd64.deb ...
#13 33.11 Unpacking libassuan0:amd64 (2.5.5-5) ...
#13 33.15 Selecting previously unselected package gpgconf.
#13 33.15 Preparing to unpack .../049-gpgconf_2.2.40-1.1_amd64.deb ...
#13 33.15 Unpacking gpgconf (2.2.40-1.1) ...
#13 33.21 Selecting previously unselected package libksba8:amd64.
#13 33.21 Preparing to unpack .../050-libksba8_1.6.3-2_amd64.deb ...
#13 33.21 Unpacking libksba8:amd64 (1.6.3-2) ...
#13 33.25 Selecting previously unselected package libsasl2-modules-db:amd64.
#13 33.26 Preparing to unpack .../051-libsasl2-modules-db_2.1.28+dfsg-10_amd64.deb ...
#13 33.26 Unpacking libsasl2-modules-db:amd64 (2.1.28+dfsg-10) ...
#13 33.30 Selecting previously unselected package libsasl2-2:amd64.
#13 33.30 Preparing to unpack .../052-libsasl2-2_2.1.28+dfsg-10_amd64.deb ...
#13 33.31 Unpacking libsasl2-2:amd64 (2.1.28+dfsg-10) ...
#13 33.35 Selecting previously unselected package libldap-2.5-0:amd64.
#13 33.35 Preparing to unpack .../053-libldap-2.5-0_2.5.13+dfsg-5_amd64.deb ...
#13 33.36 Unpacking libldap-2.5-0:amd64 (2.5.13+dfsg-5) ...
#13 33.41 Selecting previously unselected package libnpth0:amd64.
#13 33.41 Preparing to unpack .../054-libnpth0_1.6-3_amd64.deb ...
#13 33.41 Unpacking libnpth0:amd64 (1.6-3) ...
#13 33.46 Selecting previously unselected package dirmngr.
#13 33.46 Preparing to unpack .../055-dirmngr_2.2.40-1.1_amd64.deb ...
#13 33.48 Unpacking dirmngr (2.2.40-1.1) ...
#13 33.54 Selecting previously unselected package libfakeroot:amd64.
#13 33.54 Preparing to unpack .../056-libfakeroot_1.31-1.2_amd64.deb ...
#13 33.54 Unpacking libfakeroot:amd64 (1.31-1.2) ...
#13 33.59 Selecting previously unselected package fakeroot.
#13 33.59 Preparing to unpack .../057-fakeroot_1.31-1.2_amd64.deb ...
#13 33.59 Unpacking fakeroot (1.31-1.2) ...
#13 33.63 Selecting previously unselected package fonts-dejavu-core.
#13 33.64 Preparing to unpack .../058-fonts-dejavu-core_2.37-6_all.deb ...
#13 33.64 Unpacking fonts-dejavu-core (2.37-6) ...
#13 33.74 Selecting previously unselected package fontconfig-config.
#13 33.75 Preparing to unpack .../059-fontconfig-config_2.14.1-4_amd64.deb ...
#13 33.87 Unpacking fontconfig-config (2.14.1-4) ...
#13 33.92 Selecting previously unselected package gnupg-l10n.
#13 33.92 Preparing to unpack .../060-gnupg-l10n_2.2.40-1.1_all.deb ...
#13 33.92 Unpacking gnupg-l10n (2.2.40-1.1) ...
#13 33.99 Selecting previously unselected package gnupg-utils.
#13 34.00 Preparing to unpack .../061-gnupg-utils_2.2.40-1.1_amd64.deb ...
#13 34.00 Unpacking gnupg-utils (2.2.40-1.1) ...
#13 34.06 Selecting previously unselected package gpg.
#13 34.07 Preparing to unpack .../062-gpg_2.2.40-1.1_amd64.deb ...
#13 34.07 Unpacking gpg (2.2.40-1.1) ...
#13 34.14 Selecting previously unselected package pinentry-curses.
#13 34.14 Preparing to unpack .../063-pinentry-curses_1.2.1-1_amd64.deb ...
#13 34.15 Unpacking pinentry-curses (1.2.1-1) ...
#13 34.19 Selecting previously unselected package gpg-agent.
#13 34.20 Preparing to unpack .../064-gpg-agent_2.2.40-1.1_amd64.deb ...
#13 34.20 Unpacking gpg-agent (2.2.40-1.1) ...
#13 34.25 Selecting previously unselected package gpg-wks-client.
#13 34.25 Preparing to unpack .../065-gpg-wks-client_2.2.40-1.1_amd64.deb ...
#13 34.26 Unpacking gpg-wks-client (2.2.40-1.1) ...
#13 34.30 Selecting previously unselected package gpg-wks-server.
#13 34.30 Preparing to unpack .../066-gpg-wks-server_2.2.40-1.1_amd64.deb ...
#13 34.31 Unpacking gpg-wks-server (2.2.40-1.1) ...
#13 34.35 Selecting previously unselected package gpgsm.
#13 34.35 Preparing to unpack .../067-gpgsm_2.2.40-1.1_amd64.deb ...
#13 34.36 Unpacking gpgsm (2.2.40-1.1) ...
#13 34.40 Selecting previously unselected package gnupg.
#13 34.41 Preparing to unpack .../068-gnupg_2.2.40-1.1_all.deb ...
#13 34.41 Unpacking gnupg (2.2.40-1.1) ...
#13 34.47 Selecting previously unselected package libabsl20220623:amd64.
#13 34.47 Preparing to unpack .../069-libabsl20220623_20220623.1-1_amd64.deb ...
#13 34.48 Unpacking libabsl20220623:amd64 (20220623.1-1) ...
#13 34.54 Selecting previously unselected package libalgorithm-diff-perl.
#13 34.54 Preparing to unpack .../070-libalgorithm-diff-perl_1.201-1_all.deb ...
#13 34.55 Unpacking libalgorithm-diff-perl (1.201-1) ...
#13 34.58 Selecting previously unselected package libalgorithm-diff-xs-perl:amd64.
#13 34.59 Preparing to unpack .../071-libalgorithm-diff-xs-perl_0.04-8+b1_amd64.deb ...
#13 34.59 Unpacking libalgorithm-diff-xs-perl:amd64 (0.04-8+b1) ...
#13 34.63 Selecting previously unselected package libalgorithm-merge-perl.
#13 34.63 Preparing to unpack .../072-libalgorithm-merge-perl_0.08-5_all.deb ...
#13 34.63 Unpacking libalgorithm-merge-perl (0.08-5) ...
#13 34.67 Selecting previously unselected package libaom3:amd64.
#13 34.68 Preparing to unpack .../073-libaom3_3.6.0-1_amd64.deb ...
#13 34.68 Unpacking libaom3:amd64 (3.6.0-1) ...
#13 34.80 Selecting previously unselected package libdav1d6:amd64.
#13 34.80 Preparing to unpack .../074-libdav1d6_1.0.0-2+deb12u1_amd64.deb ...
#13 34.81 Unpacking libdav1d6:amd64 (1.0.0-2+deb12u1) ...
#13 34.87 Selecting previously unselected package libgav1-1:amd64.
#13 34.87 Preparing to unpack .../075-libgav1-1_0.18.0-1+b1_amd64.deb ...
#13 34.88 Unpacking libgav1-1:amd64 (0.18.0-1+b1) ...
#13 34.93 Selecting previously unselected package librav1e0:amd64.
#13 34.93 Preparing to unpack .../076-librav1e0_0.5.1-6_amd64.deb ...
#13 34.94 Unpacking librav1e0:amd64 (0.5.1-6) ...
#13 35.00 Selecting previously unselected package libsvtav1enc1:amd64.
#13 35.01 Preparing to unpack .../077-libsvtav1enc1_1.4.1+dfsg-1_amd64.deb ...
#13 35.01 Unpacking libsvtav1enc1:amd64 (1.4.1+dfsg-1) ...
#13 35.13 Selecting previously unselected package libjpeg62-turbo:amd64.
#13 35.14 Preparing to unpack .../078-libjpeg62-turbo_1%3a2.1.5-2_amd64.deb ...
#13 35.14 Unpacking libjpeg62-turbo:amd64 (1:2.1.5-2) ...
#13 35.18 Selecting previously unselected package libyuv0:amd64.
#13 35.18 Preparing to unpack .../079-libyuv0_0.0~git20230123.b2528b0-1_amd64.deb ...
#13 35.19 Unpacking libyuv0:amd64 (0.0~git20230123.b2528b0-1) ...
#13 35.23 Selecting previously unselected package libavif15:amd64.
#13 35.23 Preparing to unpack .../080-libavif15_0.11.1-1_amd64.deb ...
#13 35.23 Unpacking libavif15:amd64 (0.11.1-1) ...
#13 35.27 Selecting previously unselected package libbrotli1:amd64.
#13 35.28 Preparing to unpack .../081-libbrotli1_1.0.9-2+b6_amd64.deb ...
#13 35.28 Unpacking libbrotli1:amd64 (1.0.9-2+b6) ...
#13 35.33 Selecting previously unselected package libbsd0:amd64.
#13 35.33 Preparing to unpack .../082-libbsd0_0.11.7-2_amd64.deb ...
#13 35.33 Unpacking libbsd0:amd64 (0.11.7-2) ...
#13 35.37 Selecting previously unselected package libpng16-16:amd64.
#13 35.37 Preparing to unpack .../083-libpng16-16_1.6.39-2_amd64.deb ...
#13 35.39 Unpacking libpng16-16:amd64 (1.6.39-2) ...
#13 35.43 Selecting previously unselected package libfreetype6:amd64.
#13 35.44 Preparing to unpack .../084-libfreetype6_2.12.1+dfsg-5+deb12u3_amd64.deb ...
#13 35.44 Unpacking libfreetype6:amd64 (2.12.1+dfsg-5+deb12u3) ...
#13 35.49 Selecting previously unselected package libfontconfig1:amd64.
#13 35.49 Preparing to unpack .../085-libfontconfig1_2.14.1-4_amd64.deb ...
#13 35.50 Unpacking libfontconfig1:amd64 (2.14.1-4) ...
#13 35.54 Selecting previously unselected package libde265-0:amd64.
#13 35.54 Preparing to unpack .../086-libde265-0_1.0.11-1+deb12u2_amd64.deb ...
#13 35.54 Unpacking libde265-0:amd64 (1.0.11-1+deb12u2) ...
#13 35.58 Selecting previously unselected package libnuma1:amd64.
#13 35.59 Preparing to unpack .../087-libnuma1_2.0.16-1_amd64.deb ...
#13 35.59 Unpacking libnuma1:amd64 (2.0.16-1) ...
#13 35.63 Selecting previously unselected package libx265-199:amd64.
#13 35.63 Preparing to unpack .../088-libx265-199_3.5-2+b1_amd64.deb ...
#13 35.63 Unpacking libx265-199:amd64 (3.5-2+b1) ...
#13 35.73 Selecting previously unselected package libheif1:amd64.
#13 35.73 Preparing to unpack .../089-libheif1_1.15.1-1_amd64.deb ...
#13 35.73 Unpacking libheif1:amd64 (1.15.1-1) ...
#13 35.78 Selecting previously unselected package libdeflate0:amd64.
#13 35.78 Preparing to unpack .../090-libdeflate0_1.14-1_amd64.deb ...
#13 35.79 Unpacking libdeflate0:amd64 (1.14-1) ...
#13 35.82 Selecting previously unselected package libjbig0:amd64.
#13 35.82 Preparing to unpack .../091-libjbig0_2.1-6.1_amd64.deb ...
#13 35.83 Unpacking libjbig0:amd64 (2.1-6.1) ...
#13 35.86 Selecting previously unselected package liblerc4:amd64.
#13 35.86 Preparing to unpack .../092-liblerc4_4.0.0+ds-2_amd64.deb ...
#13 35.87 Unpacking liblerc4:amd64 (4.0.0+ds-2) ...
#13 35.91 Selecting previously unselected package libwebp7:amd64.
#13 35.91 Preparing to unpack .../093-libwebp7_1.2.4-0.2+deb12u1_amd64.deb ...
#13 35.91 Unpacking libwebp7:amd64 (1.2.4-0.2+deb12u1) ...
#13 35.96 Selecting previously unselected package libtiff6:amd64.
#13 35.96 Preparing to unpack .../094-libtiff6_4.5.0-6+deb12u1_amd64.deb ...
#13 35.97 Unpacking libtiff6:amd64 (4.5.0-6+deb12u1) ...
#13 36.01 Selecting previously unselected package libxau6:amd64.
#13 36.01 Preparing to unpack .../095-libxau6_1%3a1.0.9-1_amd64.deb ...
#13 36.01 Unpacking libxau6:amd64 (1:1.0.9-1) ...
#13 36.05 Selecting previously unselected package libxdmcp6:amd64.
#13 36.05 Preparing to unpack .../096-libxdmcp6_1%3a1.1.2-3_amd64.deb ...
#13 36.05 Unpacking libxdmcp6:amd64 (1:1.1.2-3) ...
#13 36.09 Selecting previously unselected package libxcb1:amd64.
#13 36.09 Preparing to unpack .../097-libxcb1_1.15-1_amd64.deb ...
#13 36.09 Unpacking libxcb1:amd64 (1.15-1) ...
#13 36.13 Selecting previously unselected package libx11-data.
#13 36.13 Preparing to unpack .../098-libx11-data_2%3a1.8.4-2+deb12u2_all.deb ...
#13 36.13 Unpacking libx11-data (2:1.8.4-2+deb12u2) ...
#13 36.20 Selecting previously unselected package libx11-6:amd64.
#13 36.20 Preparing to unpack .../099-libx11-6_2%3a1.8.4-2+deb12u2_amd64.deb ...
#13 36.20 Unpacking libx11-6:amd64 (2:1.8.4-2+deb12u2) ...
#13 36.26 Selecting previously unselected package libxpm4:amd64.
#13 36.26 Preparing to unpack .../100-libxpm4_1%3a3.5.12-1.1+deb12u1_amd64.deb ...
#13 36.27 Unpacking libxpm4:amd64 (1:3.5.12-1.1+deb12u1) ...
#13 36.31 Selecting previously unselected package libgd3:amd64.
#13 36.31 Preparing to unpack .../101-libgd3_2.3.3-9_amd64.deb ...
#13 36.31 Unpacking libgd3:amd64 (2.3.3-9) ...
#13 36.35 Selecting previously unselected package libc-devtools.
#13 36.35 Preparing to unpack .../102-libc-devtools_2.36-9+deb12u7_amd64.deb ...
#13 36.35 Unpacking libc-devtools (2.36-9+deb12u7) ...
#13 36.38 Selecting previously unselected package libfile-fcntllock-perl.
#13 36.39 Preparing to unpack .../103-libfile-fcntllock-perl_0.22-4+b1_amd64.deb ...
#13 36.39 Unpacking libfile-fcntllock-perl (0.22-4+b1) ...
#13 36.42 Selecting previously unselected package libldap-common.
#13 36.43 Preparing to unpack .../104-libldap-common_2.5.13+dfsg-5_all.deb ...
#13 36.43 Unpacking libldap-common (2.5.13+dfsg-5) ...
#13 36.47 Selecting previously unselected package libpq5:amd64.
#13 36.47 Preparing to unpack .../105-libpq5_15.8-0+deb12u1_amd64.deb ...
#13 36.47 Unpacking libpq5:amd64 (15.8-0+deb12u1) ...
#13 36.51 Selecting previously unselected package libssl-dev:amd64.
#13 36.51 Preparing to unpack .../106-libssl-dev_3.0.13-1~deb12u1_amd64.deb ...
#13 36.51 Unpacking libssl-dev:amd64 (3.0.13-1~deb12u1) ...
#13 36.66 Selecting previously unselected package libpq-dev.
#13 36.66 Preparing to unpack .../107-libpq-dev_15.8-0+deb12u1_amd64.deb ...
#13 36.66 Unpacking libpq-dev (15.8-0+deb12u1) ...
#13 36.72 Selecting previously unselected package libsasl2-modules:amd64.
#13 36.72 Preparing to unpack .../108-libsasl2-modules_2.1.28+dfsg-10_amd64.deb ...
#13 36.73 Unpacking libsasl2-modules:amd64 (2.1.28+dfsg-10) ...
#13 36.77 Selecting previously unselected package manpages-dev.
#13 36.77 Preparing to unpack .../109-manpages-dev_6.03-2_all.deb ...
#13 36.78 Unpacking manpages-dev (6.03-2) ...
#13 36.94 Setting up libksba8:amd64 (1.6.3-2) ...
#13 36.96 Setting up libaom3:amd64 (3.6.0-1) ...
#13 36.98 Setting up libabsl20220623:amd64 (20220623.1-1) ...
#13 36.99 Setting up libxau6:amd64 (1:1.0.9-1) ...
#13 37.00 Setting up liblerc4:amd64 (4.0.0+ds-2) ...
#13 37.02 Setting up manpages (6.03-2) ...
#13 37.03 Setting up libbrotli1:amd64 (1.0.9-2+b6) ...
#13 37.05 Setting up libsasl2-modules:amd64 (2.1.28+dfsg-10) ...
#13 37.07 Setting up binutils-common:amd64 (2.40-2) ...
#13 37.09 Setting up libdeflate0:amd64 (1.14-1) ...
#13 37.10 Setting up linux-libc-dev:amd64 (6.1.99-1) ...
#13 37.11 Setting up libctf-nobfd0:amd64 (2.40-2) ...
#13 37.13 Setting up libnpth0:amd64 (1.6-3) ...
#13 37.14 Setting up libsvtav1enc1:amd64 (1.4.1+dfsg-1) ...
#13 37.16 Setting up libassuan0:amd64 (2.5.5-5) ...
#13 37.17 Setting up libgomp1:amd64 (12.2.0-14) ...
#13 37.18 Setting up bzip2 (1.0.8-5+b1) ...
#13 37.20 Setting up libldap-common (2.5.13+dfsg-5) ...
#13 37.22 Setting up libjbig0:amd64 (2.1-6.1) ...
#13 37.23 Setting up librav1e0:amd64 (0.5.1-6) ...
#13 37.24 Setting up libfakeroot:amd64 (1.31-1.2) ...
#13 37.26 Setting up libjansson4:amd64 (2.14-2) ...
#13 37.27 Setting up libsasl2-modules-db:amd64 (2.1.28+dfsg-10) ...
#13 37.29 Setting up fakeroot (1.31-1.2) ...
#13 37.30 update-alternatives: using /usr/bin/fakeroot-sysv to provide /usr/bin/fakeroot (fakeroot) in auto mode
#13 37.31 update-alternatives: warning: skip creation of /usr/share/man/man1/fakeroot.1.gz because associated file /usr/share/man/man1/fakeroot-sysv.1.gz (of link group fakeroot) doesn't exist
#13 37.31 update-alternatives: warning: skip creation of /usr/share/man/man1/faked.1.gz because associated file /usr/share/man/man1/faked-sysv.1.gz (of link group fakeroot) doesn't exist
#13 37.31 update-alternatives: warning: skip creation of /usr/share/man/es/man1/fakeroot.1.gz because associated file /usr/share/man/es/man1/fakeroot-sysv.1.gz (of link group fakeroot) doesn't exist
#13 37.31 update-alternatives: warning: skip creation of /usr/share/man/es/man1/faked.1.gz because associated file /usr/share/man/es/man1/faked-sysv.1.gz (of link group fakeroot) doesn't exist
#13 37.31 update-alternatives: warning: skip creation of /usr/share/man/fr/man1/fakeroot.1.gz because associated file /usr/share/man/fr/man1/fakeroot-sysv.1.gz (of link group fakeroot) doesn't exist
#13 37.31 update-alternatives: warning: skip creation of /usr/share/man/fr/man1/faked.1.gz because associated file /usr/share/man/fr/man1/faked-sysv.1.gz (of link group fakeroot) doesn't exist
#13 37.31 update-alternatives: warning: skip creation of /usr/share/man/sv/man1/fakeroot.1.gz because associated file /usr/share/man/sv/man1/fakeroot-sysv.1.gz (of link group fakeroot) doesn't exist
#13 37.31 update-alternatives: warning: skip creation of /usr/share/man/sv/man1/faked.1.gz because associated file /usr/share/man/sv/man1/faked-sysv.1.gz (of link group fakeroot) doesn't exist
#13 37.32 Setting up perl-modules-5.36 (5.36.0-7+deb12u1) ...
#13 37.33 Setting up libtirpc-dev:amd64 (1.3.3+ds-1) ...
#13 37.34 Setting up rpcsvc-proto (1.4.3-1) ...
#13 37.36 Setting up libjpeg62-turbo:amd64 (1:2.1.5-2) ...
#13 37.37 Setting up libx11-data (2:1.8.4-2+deb12u2) ...
#13 37.38 Setting up make (4.3-4.1) ...
#13 37.40 Setting up libmpfr6:amd64 (4.2.0-1) ...
#13 37.41 Setting up gnupg-l10n (2.2.40-1.1) ...
#13 37.43 Setting up xz-utils (5.4.1-0.2) ...
#13 37.44 update-alternatives: using /usr/bin/xz to provide /usr/bin/lzma (lzma) in auto mode
#13 37.44 update-alternatives: warning: skip creation of /usr/share/man/man1/lzma.1.gz because associated file /usr/share/man/man1/xz.1.gz (of link group lzma) doesn't exist
#13 37.44 update-alternatives: warning: skip creation of /usr/share/man/man1/unlzma.1.gz because associated file /usr/share/man/man1/unxz.1.gz (of link group lzma) doesn't exist
#13 37.44 update-alternatives: warning: skip creation of /usr/share/man/man1/lzcat.1.gz because associated file /usr/share/man/man1/xzcat.1.gz (of link group lzma) doesn't exist
#13 37.44 update-alternatives: warning: skip creation of /usr/share/man/man1/lzmore.1.gz because associated file /usr/share/man/man1/xzmore.1.gz (of link group lzma) doesn't exist
#13 37.44 update-alternatives: warning: skip creation of /usr/share/man/man1/lzless.1.gz because associated file /usr/share/man/man1/xzless.1.gz (of link group lzma) doesn't exist
#13 37.44 update-alternatives: warning: skip creation of /usr/share/man/man1/lzdiff.1.gz because associated file /usr/share/man/man1/xzdiff.1.gz (of link group lzma) doesn't exist
#13 37.44 update-alternatives: warning: skip creation of /usr/share/man/man1/lzcmp.1.gz because associated file /usr/share/man/man1/xzcmp.1.gz (of link group lzma) doesn't exist
#13 37.44 update-alternatives: warning: skip creation of /usr/share/man/man1/lzgrep.1.gz because associated file /usr/share/man/man1/xzgrep.1.gz (of link group lzma) doesn't exist
#13 37.44 update-alternatives: warning: skip creation of /usr/share/man/man1/lzegrep.1.gz because associated file /usr/share/man/man1/xzegrep.1.gz (of link group lzma) doesn't exist
#13 37.44 update-alternatives: warning: skip creation of /usr/share/man/man1/lzfgrep.1.gz because associated file /usr/share/man/man1/xzfgrep.1.gz (of link group lzma) doesn't exist
#13 37.45 Setting up libquadmath0:amd64 (12.2.0-14) ...
#13 37.46 Setting up libssl-dev:amd64 (3.0.13-1~deb12u1) ...
#13 37.47 Setting up libpng16-16:amd64 (1.6.39-2) ...
#13 37.49 Setting up libmpc3:amd64 (1.3.1-1) ...
#13 37.50 Setting up libatomic1:amd64 (12.2.0-14) ...
#13 37.51 Setting up patch (2.7.6-7) ...
#13 37.53 Setting up fonts-dejavu-core (2.37-6) ...
#13 37.60 Setting up libgdbm-compat4:amd64 (1.23-3) ...
#13 37.62 Setting up libgav1-1:amd64 (0.18.0-1+b1) ...
#13 37.63 Setting up libdav1d6:amd64 (1.0.0-2+deb12u1) ...
#13 37.64 Setting up libsasl2-2:amd64 (2.1.28+dfsg-10) ...
#13 37.66 Setting up libwebp7:amd64 (1.2.4-0.2+deb12u1) ...
#13 37.67 Setting up libubsan1:amd64 (12.2.0-14) ...
#13 37.68 Setting up libnuma1:amd64 (2.0.16-1) ...
#13 37.70 Setting up libnsl-dev:amd64 (1.3.0-2) ...
#13 37.71 Setting up libcrypt-dev:amd64 (1:4.4.33-2) ...
#13 37.73 Setting up libtiff6:amd64 (4.5.0-6+deb12u1) ...
#13 37.75 Setting up libasan8:amd64 (12.2.0-14) ...
#13 37.76 Setting up gpgconf (2.2.40-1.1) ...
#13 37.77 Setting up libtsan2:amd64 (12.2.0-14) ...
#13 37.79 Setting up libbinutils:amd64 (2.40-2) ...
#13 37.80 Setting up libisl23:amd64 (0.25-1.1) ...
#13 37.81 Setting up libde265-0:amd64 (1.0.11-1+deb12u2) ...
#13 37.83 Setting up libc-dev-bin (2.36-9+deb12u7) ...
#13 37.85 Setting up libbsd0:amd64 (0.11.7-2) ...
#13 37.86 Setting up libyuv0:amd64 (0.0~git20230123.b2528b0-1) ...
#13 37.87 Setting up libcc1-0:amd64 (12.2.0-14) ...
#13 37.89 Setting up libperl5.36:amd64 (5.36.0-7+deb12u1) ...
#13 37.90 Setting up liblocale-gettext-perl (1.07-5) ...
#13 37.92 Setting up gpg (2.2.40-1.1) ...
#13 37.93 Setting up liblsan0:amd64 (12.2.0-14) ...
#13 37.94 Setting up libitm1:amd64 (12.2.0-14) ...
#13 37.95 Setting up gnupg-utils (2.2.40-1.1) ...
#13 37.96 Setting up libctf0:amd64 (2.40-2) ...
#13 37.98 Setting up pinentry-curses (1.2.1-1) ...
#13 37.99 Setting up manpages-dev (6.03-2) ...
#13 38.00 Setting up libxdmcp6:amd64 (1:1.1.2-3) ...
#13 38.01 Setting up cpp-12 (12.2.0-14) ...
#13 38.02 Setting up libxcb1:amd64 (1.15-1) ...
#13 38.04 Setting up gpg-agent (2.2.40-1.1) ...
#13 38.35 Setting up libavif15:amd64 (0.11.1-1) ...
#13 38.37 Setting up fontconfig-config (2.14.1-4) ...
#13 38.44 debconf: unable to initialize frontend: Dialog
#13 38.44 debconf: (TERM is not set, so the dialog frontend is not usable.)
#13 38.44 debconf: falling back to frontend: Readline
#13 38.45 debconf: unable to initialize frontend: Readline
#13 38.45 debconf: (This frontend requires a controlling tty.)
#13 38.45 debconf: falling back to frontend: Teletype
#13 38.60 Setting up gpgsm (2.2.40-1.1) ...
#13 38.62 Setting up libldap-2.5-0:amd64 (2.5.13+dfsg-5) ...
#13 38.63 Setting up dirmngr (2.2.40-1.1) ...
#13 38.75 Setting up perl (5.36.0-7+deb12u1) ...
#13 38.77 Setting up libgprofng0:amd64 (2.40-2) ...
#13 38.79 Setting up libfreetype6:amd64 (2.12.1+dfsg-5+deb12u3) ...
#13 38.80 Setting up libgcc-12-dev:amd64 (12.2.0-14) ...
#13 38.82 Setting up libdpkg-perl (1.21.22) ...
#13 38.83 Setting up libx265-199:amd64 (3.5-2+b1) ...
#13 38.84 Setting up gpg-wks-server (2.2.40-1.1) ...
#13 38.86 Setting up cpp (4:12.2.0-3) ...
#13 38.88 Setting up libc6-dev:amd64 (2.36-9+deb12u7) ...
#13 38.89 Setting up libx11-6:amd64 (2:1.8.4-2+deb12u2) ...
#13 38.91 Setting up libfontconfig1:amd64 (2.14.1-4) ...
#13 38.92 Setting up binutils-x86-64-linux-gnu (2.40-2) ...
#13 38.93 Setting up libxpm4:amd64 (1:3.5.12-1.1+deb12u1) ...
#13 38.95 Setting up gpg-wks-client (2.2.40-1.1) ...
#13 38.96 Setting up libstdc++-12-dev:amd64 (12.2.0-14) ...
#13 38.98 Setting up libfile-fcntllock-perl (0.22-4+b1) ...
#13 38.99 Setting up libalgorithm-diff-perl (1.201-1) ...
#13 39.00 Setting up libheif1:amd64 (1.15.1-1) ...
#13 39.02 Setting up libpq5:amd64 (15.8-0+deb12u1) ...
#13 39.03 Setting up libpq-dev (15.8-0+deb12u1) ...
#13 39.05 Setting up binutils (2.40-2) ...
#13 39.06 Setting up dpkg-dev (1.21.22) ...
#13 39.08 Setting up gcc-12 (12.2.0-14) ...
#13 39.10 Setting up libgd3:amd64 (2.3.3-9) ...
#13 39.11 Setting up gnupg (2.2.40-1.1) ...
#13 39.12 Setting up libalgorithm-diff-xs-perl:amd64 (0.04-8+b1) ...
#13 39.14 Setting up libc-devtools (2.36-9+deb12u7) ...
#13 39.15 Setting up libalgorithm-merge-perl (0.08-5) ...
#13 39.17 Setting up g++-12 (12.2.0-14) ...
#13 39.18 Setting up gcc (4:12.2.0-3) ...
#13 39.21 Setting up g++ (4:12.2.0-3) ...
#13 39.22 update-alternatives: using /usr/bin/g++ to provide /usr/bin/c++ (c++) in auto mode
#13 39.22 Setting up build-essential (12.9) ...
#13 39.24 Processing triggers for libc-bin (2.36-9+deb12u7) ...
#13 ...

#16 [AEYE-OpticNet  4/13] RUN pip install --upgrade pip
#16 5.693 Collecting pip
#16 10.79   Downloading https://files.pythonhosted.org/packages/27/79/8a850fe3496446ff0d584327ae44e7500daf6764ca1a382d2d02789accf7/pip-20.3.4-py2.py3-none-any.whl (1.5MB)
#16 11.02 Installing collected packages: pip
#16 11.02   Found existing installation: pip 18.1
#16 11.27     Uninstalling pip-18.1:
#16 ...

#13 [AEYE-NetOper 4/8] RUN apt-get update && apt-get install -y     build-essential     libpq-dev     && apt-get clean     && rm -rf /var/lib/apt/lists/*
#13 DONE 42.7s

#17 [AEYE-NetOper 5/8] RUN pip install --upgrade pip
#17 1.732 Requirement already satisfied: pip in /usr/local/lib/python3.8/site-packages (23.0.1)
#17 ...

#16 [AEYE-OpticNet  4/13] RUN pip install --upgrade pip
#16 14.03       Successfully uninstalled pip-18.1
#16 14.61 Successfully installed pip-20.3.4
#16 DONE 14.7s

#18 [AEYE-OpticNet  5/13] RUN pip install opencv-python
#18 0.518 DEPRECATION: Python 3.5 reached the end of its life on September 13th, 2020. Please upgrade your Python as Python 3.5 is no longer maintained. pip 21.0 will drop support for Python 3.5 in January 2021. pip 21.0 will remove support for this functionality.
#18 5.994 Collecting opencv-python
#18 ...

#17 [AEYE-NetOper 5/8] RUN pip install --upgrade pip
#17 6.848 Collecting pip
#17 11.95   Downloading pip-24.2-py3-none-any.whl (1.8 MB)
#17 12.23       1.8/1.8 MB 6.5 MB/s eta 0:00:00
#17 12.26 Installing collected packages: pip
#17 12.26   Attempting uninstall: pip
#17 12.26     Found existing installation: pip 23.0.1
#17 12.38     Uninstalling pip-23.0.1:
#17 12.58       Successfully uninstalled pip-23.0.1
#17 ...

#18 [AEYE-OpticNet  5/13] RUN pip install opencv-python
#18 11.04   Downloading opencv_python-4.4.0.40-cp35-cp35m-manylinux2014_x86_64.whl (49.4 MB)
#18 12.45 Requirement already satisfied: numpy>=1.13.1 in /usr/local/lib/python3.5/dist-packages (from opencv-python) (1.15.2)
#18 12.56 Installing collected packages: opencv-python
#18 13.19 Successfully installed opencv-python-4.4.0.40
#18 ...

#17 [AEYE-NetOper 5/8] RUN pip install --upgrade pip
#17 13.17 Successfully installed pip-24.2
#17 13.17 WARNING: Running pip as the 'root' user can result in broken permissions and conflicting behaviour with the system package manager. It is recommended to use a virtual environment instead: https://pip.pypa.io/warnings/venv
#17 DONE 18.5s

#19 [AEYE-NetOper 6/8] RUN pip install -r dependencies.txt
#19 ...

#18 [AEYE-OpticNet  5/13] RUN pip install opencv-python
#18 DONE 18.5s

#20 [AEYE-OpticNet  6/13] RUN pip install Flask==1.1.4
#20 0.528 DEPRECATION: Python 3.5 reached the end of its life on September 13th, 2020. Please upgrade your Python as Python 3.5 is no longer maintained. pip 21.0 will drop support for Python 3.5 in January 2021. pip 21.0 will remove support for this functionality.
#20 5.728 Collecting Flask==1.1.4
#20 ...

#19 [AEYE-NetOper 6/8] RUN pip install -r dependencies.txt
#19 5.768 Collecting Django==3.2 (from -r dependencies.txt (line 9))
#19 10.82   Downloading Django-3.2-py3-none-any.whl.metadata (3.9 kB)
#19 10.91 Collecting djangorestframework==3.13.1 (from -r dependencies.txt (line 12))
#19 10.92   Downloading djangorestframework-3.13.1-py3-none-any.whl.metadata (10 kB)
#19 10.97 Collecting requests (from -r dependencies.txt (line 15))
#19 10.98   Downloading requests-2.32.3-py3-none-any.whl.metadata (4.6 kB)
#19 11.20 Collecting nodejs (from -r dependencies.txt (line 18))
#19 11.21   Downloading nodejs-0.1.1.tar.gz (2.3 kB)
#19 11.22   Preparing metadata (setup.py): started
#19 11.47   Preparing metadata (setup.py): finished with status 'done'
#19 11.69 Collecting npm (from -r dependencies.txt (line 21))
#19 11.70   Downloading npm-0.1.1.tar.gz (2.5 kB)
#19 11.71   Preparing metadata (setup.py): started
#19 11.84   Preparing metadata (setup.py): finished with status 'done'
#19 11.91 Collecting pytest (from -r dependencies.txt (line 24))
#19 11.91   Downloading pytest-8.3.2-py3-none-any.whl.metadata (7.5 kB)
#19 11.95 Collecting colorama (from -r dependencies.txt (line 27))
#19 11.95   Downloading colorama-0.4.6-py2.py3-none-any.whl.metadata (17 kB)
#19 12.13 Collecting pillow (from -r dependencies.txt (line 30))
#19 12.14   Downloading pillow-10.4.0-cp38-cp38-manylinux_2_28_x86_64.whl.metadata (9.2 kB)
#19 12.17 Collecting asyncio (from -r dependencies.txt (line 32))
#19 12.17   Downloading asyncio-3.4.3-py3-none-any.whl.metadata (1.7 kB)
#19 12.44 Collecting aiohttp (from -r dependencies.txt (line 33))
#19 12.45   Downloading aiohttp-3.10.2-cp38-cp38-manylinux_2_17_x86_64.manylinux2014_x86_64.whl.metadata (7.5 kB)
#19 12.48 Collecting asgiref<4,>=3.3.2 (from Django==3.2->-r dependencies.txt (line 9))
#19 12.49   Downloading asgiref-3.8.1-py3-none-any.whl.metadata (9.3 kB)
#19 12.70 Collecting pytz (from Django==3.2->-r dependencies.txt (line 9))
#19 12.71   Downloading pytz-2024.1-py2.py3-none-any.whl.metadata (22 kB)
#19 12.74 Collecting sqlparse>=0.2.2 (from Django==3.2->-r dependencies.txt (line 9))
#19 12.74   Downloading sqlparse-0.5.1-py3-none-any.whl.metadata (3.9 kB)
#19 ...

#20 [AEYE-OpticNet  6/13] RUN pip install Flask==1.1.4
#20 10.87   Downloading Flask-1.1.4-py2.py3-none-any.whl (94 kB)
#20 10.95 Collecting Werkzeug<2.0,>=0.15
#20 11.11   Downloading Werkzeug-1.0.1-py2.py3-none-any.whl (298 kB)
#20 11.20 Collecting click<8.0,>=5.1
#20 11.21   Downloading click-7.1.2-py2.py3-none-any.whl (82 kB)
#20 11.39 Collecting itsdangerous<2.0,>=0.24
#20 11.40   Downloading itsdangerous-1.1.0-py2.py3-none-any.whl (16 kB)
#20 11.44 Collecting Jinja2<3.0,>=2.10.1
#20 11.45   Downloading Jinja2-2.11.3-py2.py3-none-any.whl (125 kB)
#20 11.46 Requirement already satisfied: MarkupSafe>=0.23 in /usr/local/lib/python3.5/dist-packages (from Jinja2<3.0,>=2.10.1->Flask==1.1.4) (1.0)
#20 11.61 Installing collected packages: Werkzeug, Jinja2, itsdangerous, click, Flask
#20 11.61   Attempting uninstall: Werkzeug
#20 11.61     Found existing installation: Werkzeug 0.14.1
#20 11.62     Uninstalling Werkzeug-0.14.1:
#20 11.67       Successfully uninstalled Werkzeug-0.14.1
#20 11.76   Attempting uninstall: Jinja2
#20 11.76     Found existing installation: Jinja2 2.10
#20 11.76     Uninstalling Jinja2-2.10:
#20 11.79       Successfully uninstalled Jinja2-2.10
#20 11.93 Successfully installed Flask-1.1.4 Jinja2-2.11.3 Werkzeug-1.0.1 click-7.1.2 itsdangerous-1.1.0
#20 DONE 12.2s

#19 [AEYE-NetOper 6/8] RUN pip install -r dependencies.txt
#19 12.99 Collecting charset-normalizer<4,>=2 (from requests->-r dependencies.txt (line 15))
#19 12.99   Downloading charset_normalizer-3.3.2-cp38-cp38-manylinux_2_17_x86_64.manylinux2014_x86_64.whl.metadata (33 kB)
#19 13.02 Collecting idna<4,>=2.5 (from requests->-r dependencies.txt (line 15))
#19 13.19   Downloading idna-3.7-py3-none-any.whl.metadata (9.9 kB)
#19 13.24 Collecting urllib3<3,>=1.21.1 (from requests->-r dependencies.txt (line 15))
#19 13.25   Downloading urllib3-2.2.2-py3-none-any.whl.metadata (6.4 kB)
#19 13.28 Collecting certifi>=2017.4.17 (from requests->-r dependencies.txt (line 15))
#19 13.29   Downloading certifi-2024.7.4-py3-none-any.whl.metadata (2.2 kB)
#19 13.47 Collecting optional-django==0.1.0 (from nodejs->-r dependencies.txt (line 18))
#19 13.47   Downloading optional-django-0.1.0.tar.gz (9.5 kB)
#19 13.49   Preparing metadata (setup.py): started
#19 13.62   Preparing metadata (setup.py): finished with status 'done'
#19 13.73 Collecting iniconfig (from pytest->-r dependencies.txt (line 24))
#19 13.74   Downloading iniconfig-2.0.0-py3-none-any.whl.metadata (2.6 kB)
#19 13.77 Collecting packaging (from pytest->-r dependencies.txt (line 24))
#19 13.77   Downloading packaging-24.1-py3-none-any.whl.metadata (3.2 kB)
#19 13.80 Collecting pluggy<2,>=1.5 (from pytest->-r dependencies.txt (line 24))
#19 13.81   Downloading pluggy-1.5.0-py3-none-any.whl.metadata (4.8 kB)
#19 13.84 Collecting exceptiongroup>=1.0.0rc8 (from pytest->-r dependencies.txt (line 24))
#19 13.98   Downloading exceptiongroup-1.2.2-py3-none-any.whl.metadata (6.6 kB)
#19 14.01 Collecting tomli>=1 (from pytest->-r dependencies.txt (line 24))
#19 14.02   Downloading tomli-2.0.1-py3-none-any.whl.metadata (8.9 kB)
#19 14.05 Collecting aiohappyeyeballs>=2.3.0 (from aiohttp->-r dependencies.txt (line 33))
#19 14.06   Downloading aiohappyeyeballs-2.3.5-py3-none-any.whl.metadata (5.8 kB)
#19 14.08 Collecting aiosignal>=1.1.2 (from aiohttp->-r dependencies.txt (line 33))
#19 14.08   Downloading aiosignal-1.3.1-py3-none-any.whl.metadata (4.0 kB)
#19 14.36 Collecting attrs>=17.3.0 (from aiohttp->-r dependencies.txt (line 33))
#19 14.52   Downloading attrs-24.2.0-py3-none-any.whl.metadata (11 kB)
#19 14.88 Collecting frozenlist>=1.1.1 (from aiohttp->-r dependencies.txt (line 33))
#19 15.04   Downloading frozenlist-1.4.1-cp38-cp38-manylinux_2_5_x86_64.manylinux1_x86_64.manylinux_2_17_x86_64.manylinux2014_x86_64.whl.metadata (12 kB)
#19 15.27 Collecting multidict<7.0,>=4.5 (from aiohttp->-r dependencies.txt (line 33))
#19 15.31   Downloading multidict-6.0.5-cp38-cp38-manylinux_2_17_x86_64.manylinux2014_x86_64.whl.metadata (4.2 kB)
#19 15.52 Collecting yarl<2.0,>=1.0 (from aiohttp->-r dependencies.txt (line 33))
#19 15.57   Downloading yarl-1.9.4-cp38-cp38-manylinux_2_17_x86_64.manylinux2014_x86_64.whl.metadata (31 kB)
#19 15.67 Collecting async-timeout<5.0,>=4.0 (from aiohttp->-r dependencies.txt (line 33))
#19 15.84   Downloading async_timeout-4.0.3-py3-none-any.whl.metadata (4.2 kB)
#19 15.96 Collecting typing-extensions>=4 (from asgiref<4,>=3.3.2->Django==3.2->-r dependencies.txt (line 9))
#19 16.10   Downloading typing_extensions-4.12.2-py3-none-any.whl.metadata (3.0 kB)
#19 16.17 Downloading Django-3.2-py3-none-any.whl (7.9 MB)
#19 17.39     7.9/7.9 MB 7.8 MB/s eta 0:00:00
#19 17.48 Downloading djangorestframework-3.13.1-py3-none-any.whl (958 kB)
#19 17.62     958.3/958.3 kB 6.9 MB/s eta 0:00:00
#19 17.63 Downloading requests-2.32.3-py3-none-any.whl (64 kB)
#19 17.77 Downloading pytest-8.3.2-py3-none-any.whl (341 kB)
#19 17.83 Downloading colorama-0.4.6-py2.py3-none-any.whl (25 kB)
#19 17.99 Downloading pillow-10.4.0-cp38-cp38-manylinux_2_28_x86_64.whl (4.5 MB)
#19 18.30     4.5/4.5 MB 14.6 MB/s eta 0:00:00
#19 18.30 Downloading asyncio-3.4.3-py3-none-any.whl (101 kB)
#19 18.31 Downloading aiohttp-3.10.2-cp38-cp38-manylinux_2_17_x86_64.manylinux2014_x86_64.whl (1.3 MB)
#19 18.49     1.3/1.3 MB 6.0 MB/s eta 0:00:00
#19 18.49 Downloading aiohappyeyeballs-2.3.5-py3-none-any.whl (12 kB)
#19 18.51 Downloading aiosignal-1.3.1-py3-none-any.whl (7.6 kB)
#19 18.52 Downloading asgiref-3.8.1-py3-none-any.whl (23 kB)
#19 18.53 Downloading async_timeout-4.0.3-py3-none-any.whl (5.7 kB)
#19 18.54 Downloading attrs-24.2.0-py3-none-any.whl (63 kB)
#19 18.67 Downloading certifi-2024.7.4-py3-none-any.whl (162 kB)
#19 18.68 Downloading charset_normalizer-3.3.2-cp38-cp38-manylinux_2_17_x86_64.manylinux2014_x86_64.whl (141 kB)
#19 18.71 Downloading exceptiongroup-1.2.2-py3-none-any.whl (16 kB)
#19 18.75 Downloading frozenlist-1.4.1-cp38-cp38-manylinux_2_5_x86_64.manylinux1_x86_64.manylinux_2_17_x86_64.manylinux2014_x86_64.whl (240 kB)
#19 18.77 Downloading idna-3.7-py3-none-any.whl (66 kB)
#19 18.90 Downloading multidict-6.0.5-cp38-cp38-manylinux_2_17_x86_64.manylinux2014_x86_64.whl (129 kB)
#19 18.91 Downloading pluggy-1.5.0-py3-none-any.whl (20 kB)
#19 18.92 Downloading sqlparse-0.5.1-py3-none-any.whl (44 kB)
#19 18.94 Downloading tomli-2.0.1-py3-none-any.whl (12 kB)
#19 18.95 Downloading urllib3-2.2.2-py3-none-any.whl (121 kB)
#19 18.96 Downloading yarl-1.9.4-cp38-cp38-manylinux_2_17_x86_64.manylinux2014_x86_64.whl (308 kB)
#19 18.98 Downloading iniconfig-2.0.0-py3-none-any.whl (5.9 kB)
#19 18.99 Downloading packaging-24.1-py3-none-any.whl (53 kB)
#19 19.12 Downloading pytz-2024.1-py2.py3-none-any.whl (505 kB)
#19 19.16 Downloading typing_extensions-4.12.2-py3-none-any.whl (37 kB)
#19 19.21 Building wheels for collected packages: nodejs, optional-django, npm
#19 19.21   Building wheel for nodejs (setup.py): started
#19 19.46   Building wheel for nodejs (setup.py): finished with status 'done'
#19 19.46   Created wheel for nodejs: filename=nodejs-0.1.1-py3-none-any.whl size=3488 sha256=45c281a6eb5d63c50431917a9c5bd84d8c88cb4a6933f8db0e8ec77cd8be62af
#19 19.46   Stored in directory: /root/.cache/pip/wheels/b3/ce/d8/40f8634e964582985b2c4560cbba06d4f50d3da980fccd0497
#19 19.46   Building wheel for optional-django (setup.py): started
#19 19.63   Building wheel for optional-django (setup.py): finished with status 'done'
#19 19.63   Created wheel for optional-django: filename=optional_django-0.1.0-py3-none-any.whl size=9979 sha256=862a1dc652d819433cb35a44d80fc3f29003127538eb66a020d3b47b503a6632
#19 19.63   Stored in directory: /root/.cache/pip/wheels/3b/42/9c/10c5c4021a4edf8416f18e88b427b92e99f187e61e15e08100
#19 19.63   Building wheel for npm (setup.py): started
#19 19.81   Building wheel for npm (setup.py): finished with status 'done'
#19 19.81   Created wheel for npm: filename=npm-0.1.1-py3-none-any.whl size=3708 sha256=1f7f29a99910cf54c5d2c1a837423f6156e09f9ec2047f8a6530a092e1d5f4d8
#19 19.81   Stored in directory: /root/.cache/pip/wheels/58/a3/b3/b2683df5d56077bd771d87e86f8fe099caf6544ac9c4158001
#19 19.81 Successfully built nodejs optional-django npm
#19 19.87 Installing collected packages: pytz, optional-django, asyncio, urllib3, typing-extensions, tomli, sqlparse, pluggy, pillow, packaging, npm, nodejs, multidict, iniconfig, idna, frozenlist, exceptiongroup, colorama, charset-normalizer, certifi, attrs, async-timeout, aiohappyeyeballs, yarl, requests, pytest, asgiref, aiosignal, Django, aiohttp, djangorestframework
#19 22.21 Successfully installed Django-3.2 aiohappyeyeballs-2.3.5 aiohttp-3.10.2 aiosignal-1.3.1 asgiref-3.8.1 async-timeout-4.0.3 asyncio-3.4.3 attrs-24.2.0 certifi-2024.7.4 charset-normalizer-3.3.2 colorama-0.4.6 djangorestframework-3.13.1 exceptiongroup-1.2.2 frozenlist-1.4.1 idna-3.7 iniconfig-2.0.0 multidict-6.0.5 nodejs-0.1.1 npm-0.1.1 optional-django-0.1.0 packaging-24.1 pillow-10.4.0 pluggy-1.5.0 pytest-8.3.2 pytz-2024.1 requests-2.32.3 sqlparse-0.5.1 tomli-2.0.1 typing-extensions-4.12.2 urllib3-2.2.2 yarl-1.9.4
#19 22.21 WARNING: Running pip as the 'root' user can result in broken permissions and conflicting behaviour with the system package manager, possibly rendering your system unusable.It is recommended to use a virtual environment instead: https://pip.pypa.io/warnings/venv. Use the --root-user-action option if you know what you are doing and want to suppress this warning.
#19 DONE 22.5s

#21 [AEYE-OpticNet  7/13] RUN pip install colorama
#21 1.017 DEPRECATION: Python 3.5 reached the end of its life on September 13th, 2020. Please upgrade your Python as Python 3.5 is no longer maintained. pip 21.0 will drop support for Python 3.5 in January 2021. pip 21.0 will remove support for this functionality.
#21 6.172 Collecting colorama
#21 ...

#22 [AEYE-NetOper 7/8] WORKDIR /app/
#22 DONE 0.1s

#23 [AEYE-NetOper 8/8] COPY /AEYE_Network_Operator/ /app/
#23 DONE 0.1s

#24 [AEYE-NetOper] exporting to image
#24 exporting layers
#24 exporting layers 0.7s done
#24 writing image sha256:24f25a827f783949bbe041376dde175b5139efbe5f94f808caaf83c6c77f15f5 done
#24 naming to docker.io/library/aeye_network_operator:1.0 done
#24 DONE 0.7s

#25 [AEYE-NetOper] resolving provenance for metadata file
#25 DONE 0.0s

#21 [AEYE-OpticNet  7/13] RUN pip install colorama
#21 11.22   Downloading colorama-0.4.5-py2.py3-none-any.whl (16 kB)
#21 11.42 Installing collected packages: colorama
#21 11.45 Successfully installed colorama-0.4.5
#21 DONE 11.5s

#26 [AEYE-OpticNet  8/13] RUN apt-get update
#26 0.397 Get:1 file:/var/nvinfer-runtime-trt-repo-4.0.1-ga-cuda9.0  InRelease
#26 0.397 Ign:1 file:/var/nvinfer-runtime-trt-repo-4.0.1-ga-cuda9.0  InRelease
#26 0.397 Get:2 file:/var/nvinfer-runtime-trt-repo-4.0.1-ga-cuda9.0  Release [574 B]
#26 0.402 Get:2 file:/var/nvinfer-runtime-trt-repo-4.0.1-ga-cuda9.0  Release [574 B]
#26 5.883 Get:4 http://security.ubuntu.com/ubuntu xenial-security InRelease [106 kB]
#26 6.145 Hit:5 http://archive.ubuntu.com/ubuntu xenial InRelease
#26 6.404 Get:6 http://archive.ubuntu.com/ubuntu xenial-updates InRelease [106 kB]
#26 6.479 Get:7 https://developer.download.nvidia.com/compute/cuda/repos/ubuntu1604/x86_64  InRelease [1581 B]
#26 6.540 Ign:7 https://developer.download.nvidia.com/compute/cuda/repos/ubuntu1604/x86_64  InRelease
#26 7.037 Get:8 http://security.ubuntu.com/ubuntu xenial-security/universe Sources [257 kB]
#26 7.037 Ign:9 https://developer.download.nvidia.com/compute/machine-learning/repos/ubuntu1604/x86_64  InRelease
#26 7.086 Get:10 https://developer.download.nvidia.com/compute/cuda/repos/ubuntu1604/x86_64  Packages [518 kB]
#26 7.485 Get:11 https://developer.download.nvidia.com/compute/machine-learning/repos/ubuntu1604/x86_64  Release [564 B]
#26 7.506 Get:12 http://archive.ubuntu.com/ubuntu xenial-backports InRelease [106 kB]
#26 7.545 Get:13 https://developer.download.nvidia.com/compute/machine-learning/repos/ubuntu1604/x86_64  Release.gpg [833 B]
#26 7.711 Get:14 https://developer.download.nvidia.com/compute/machine-learning/repos/ubuntu1604/x86_64  Packages [122 kB]
#26 7.799 Get:15 http://security.ubuntu.com/ubuntu xenial-security/main amd64 Packages [1150 kB]
#26 8.033 Get:16 http://archive.ubuntu.com/ubuntu xenial-updates/universe Sources [549 kB]
#26 8.612 Get:17 http://security.ubuntu.com/ubuntu xenial-security/restricted amd64 Packages [15.9 kB]
#26 8.614 Get:18 http://security.ubuntu.com/ubuntu xenial-security/universe amd64 Packages [928 kB]
#26 8.843 Get:19 http://archive.ubuntu.com/ubuntu xenial-updates/main amd64 Packages [1608 kB]
#26 9.575 Get:20 http://archive.ubuntu.com/ubuntu xenial-updates/restricted amd64 Packages [16.4 kB]
#26 9.576 Get:21 http://archive.ubuntu.com/ubuntu xenial-updates/universe amd64 Packages [1483 kB]
#26 10.26 Get:22 http://archive.ubuntu.com/ubuntu xenial-updates/multiverse amd64 Packages [25.0 kB]
#26 10.26 Get:23 http://archive.ubuntu.com/ubuntu xenial-backports/main amd64 Packages [11.3 kB]
#26 10.26 Get:24 http://archive.ubuntu.com/ubuntu xenial-backports/universe amd64 Packages [12.9 kB]
#26 11.40 Get:25 http://security.ubuntu.com/ubuntu xenial-security/multiverse amd64 Packages [8820 B]
#26 11.46 Fetched 7026 kB in 11s (636 kB/s)
#26 11.46 Reading package lists...
#26 11.95 W: GPG error: https://developer.download.nvidia.com/compute/cuda/repos/ubuntu1604/x86_64  InRelease: The following signatures couldn't be verified because the public key is not available: NO_PUBKEY A4B469963BF863CC
#26 11.95 W: The repository 'https://developer.download.nvidia.com/compute/cuda/repos/ubuntu1604/x86_64  InRelease' is not signed.
#26 DONE 12.0s

#27 [AEYE-OpticNet  9/13] RUN apt-get install -y libgl1-mesa-glx --fix-missing
#27 0.302 Reading package lists...
#27 0.781 Building dependency tree...
#27 0.877 Reading state information...
#27 0.935 The following additional packages will be installed:
#27 0.935   libbsd0 libdrm-amdgpu1 libdrm-common libdrm-intel1 libdrm-nouveau2
#27 0.935   libdrm-radeon1 libdrm2 libedit2 libelf1 libgl1-mesa-dri libglapi-mesa
#27 0.935   libllvm6.0 libpciaccess0 libsensors4 libtxc-dxtn-s2tc0 libx11-6 libx11-data
#27 0.935   libx11-xcb1 libxau6 libxcb-dri2-0 libxcb-dri3-0 libxcb-glx0 libxcb-present0
#27 0.935   libxcb-sync1 libxcb1 libxdamage1 libxdmcp6 libxext6 libxfixes3 libxshmfence1
#27 0.935   libxxf86vm1
#27 0.935 Suggested packages:
#27 0.935   pciutils lm-sensors
#27 0.935 The following NEW packages will be installed:
#27 0.935   libbsd0 libdrm-amdgpu1 libdrm-common libdrm-intel1 libdrm-nouveau2
#27 0.936   libdrm-radeon1 libdrm2 libedit2 libelf1 libgl1-mesa-dri libgl1-mesa-glx
#27 0.936   libglapi-mesa libllvm6.0 libpciaccess0 libsensors4 libtxc-dxtn-s2tc0
#27 0.936   libx11-6 libx11-data libx11-xcb1 libxau6 libxcb-dri2-0 libxcb-dri3-0
#27 0.936   libxcb-glx0 libxcb-present0 libxcb-sync1 libxcb1 libxdamage1 libxdmcp6
#27 0.936   libxext6 libxfixes3 libxshmfence1 libxxf86vm1
#27 6.475 0 upgraded, 32 newly installed, 0 to remove and 120 not upgraded.
#27 6.475 Need to get 21.8 MB of archives.
#27 6.475 After this operation, 209 MB of additional disk space will be used.
#27 6.475 Get:1 http://archive.ubuntu.com/ubuntu xenial/main amd64 libxau6 amd64 1:1.0.8-1 [8376 B]
#27 6.659 Get:2 http://archive.ubuntu.com/ubuntu xenial/main amd64 libxdmcp6 amd64 1:1.1.2-1.1 [11.0 kB]
#27 6.709 Get:3 http://archive.ubuntu.com/ubuntu xenial/main amd64 libxcb1 amd64 1.11.1-1ubuntu1 [40.0 kB]
#27 7.007 Get:4 http://archive.ubuntu.com/ubuntu xenial-updates/main amd64 libx11-data all 2:1.6.3-1ubuntu2.2 [114 kB]
#27 7.301 Get:5 http://archive.ubuntu.com/ubuntu xenial-updates/main amd64 libx11-6 amd64 2:1.6.3-1ubuntu2.2 [572 kB]
#27 7.690 Get:6 http://archive.ubuntu.com/ubuntu xenial/main amd64 libxext6 amd64 2:1.3.3-1 [29.4 kB]
#27 7.701 Get:7 http://archive.ubuntu.com/ubuntu xenial/main amd64 libxdamage1 amd64 1:1.1.4-2 [6946 B]
#27 7.702 Get:8 http://archive.ubuntu.com/ubuntu xenial/main amd64 libxfixes3 amd64 1:5.0.1-2 [11.1 kB]
#27 7.706 Get:9 http://archive.ubuntu.com/ubuntu xenial/main amd64 libxshmfence1 amd64 1.2-1 [5042 B]
#27 7.708 Get:10 http://archive.ubuntu.com/ubuntu xenial/main amd64 libxxf86vm1 amd64 1:1.1.4-1 [10.6 kB]
#27 7.712 Get:11 http://archive.ubuntu.com/ubuntu xenial/main amd64 libtxc-dxtn-s2tc0 amd64 0~git20131104-1.1 [51.8 kB]
#27 7.728 Get:12 http://archive.ubuntu.com/ubuntu xenial-updates/main amd64 libbsd0 amd64 0.8.2-1ubuntu0.1 [42.0 kB]
#27 7.741 Get:13 http://archive.ubuntu.com/ubuntu xenial-updates/main amd64 libdrm-common all 2.4.91-2~16.04.1 [4764 B]
#27 7.742 Get:14 http://archive.ubuntu.com/ubuntu xenial-updates/main amd64 libdrm2 amd64 2.4.91-2~16.04.1 [30.8 kB]
#27 7.869 Get:15 http://archive.ubuntu.com/ubuntu xenial/main amd64 libedit2 amd64 3.1-20150325-1ubuntu2 [76.5 kB]
#27 8.056 Get:16 http://archive.ubuntu.com/ubuntu xenial-updates/main amd64 libelf1 amd64 0.165-3ubuntu1.2 [43.5 kB]
#27 8.060 Get:17 http://archive.ubuntu.com/ubuntu xenial-updates/main amd64 libdrm-amdgpu1 amd64 2.4.91-2~16.04.1 [18.9 kB]
#27 8.063 Get:18 http://archive.ubuntu.com/ubuntu xenial/main amd64 libpciaccess0 amd64 0.13.4-1 [18.1 kB]
#27 8.065 Get:19 http://archive.ubuntu.com/ubuntu xenial-updates/main amd64 libdrm-intel1 amd64 2.4.91-2~16.04.1 [59.9 kB]
#27 8.073 Get:20 http://archive.ubuntu.com/ubuntu xenial-updates/main amd64 libdrm-nouveau2 amd64 2.4.91-2~16.04.1 [16.3 kB]
#27 8.075 Get:21 http://archive.ubuntu.com/ubuntu xenial-updates/main amd64 libdrm-radeon1 amd64 2.4.91-2~16.04.1 [21.5 kB]
#27 8.078 Get:22 http://archive.ubuntu.com/ubuntu xenial-updates/main amd64 libglapi-mesa amd64 18.0.5-0ubuntu0~16.04.1 [23.4 kB]
#27 8.081 Get:23 http://archive.ubuntu.com/ubuntu xenial-updates/main amd64 libllvm6.0 amd64 1:6.0-1ubuntu2~16.04.1 [14.3 MB]
#27 9.248 Get:24 http://archive.ubuntu.com/ubuntu xenial/main amd64 libsensors4 amd64 1:3.4.0-2 [28.4 kB]
#27 9.248 Get:25 http://archive.ubuntu.com/ubuntu xenial-updates/main amd64 libgl1-mesa-dri amd64 18.0.5-0ubuntu0~16.04.1 [6080 kB]
#27 9.515 Get:26 http://archive.ubuntu.com/ubuntu xenial-updates/main amd64 libx11-xcb1 amd64 2:1.6.3-1ubuntu2.2 [9296 B]
#27 9.531 Get:27 http://archive.ubuntu.com/ubuntu xenial/main amd64 libxcb-dri2-0 amd64 1.11.1-1ubuntu1 [6882 B]
#27 9.531 Get:28 http://archive.ubuntu.com/ubuntu xenial/main amd64 libxcb-dri3-0 amd64 1.11.1-1ubuntu1 [5218 B]
#27 9.531 Get:29 http://archive.ubuntu.com/ubuntu xenial/main amd64 libxcb-glx0 amd64 1.11.1-1ubuntu1 [20.9 kB]
#27 9.532 Get:30 http://archive.ubuntu.com/ubuntu xenial/main amd64 libxcb-present0 amd64 1.11.1-1ubuntu1 [5218 B]
#27 9.539 Get:31 http://archive.ubuntu.com/ubuntu xenial/main amd64 libxcb-sync1 amd64 1.11.1-1ubuntu1 [8324 B]
#27 9.540 Get:32 http://archive.ubuntu.com/ubuntu xenial-updates/main amd64 libgl1-mesa-glx amd64 18.0.5-0ubuntu0~16.04.1 [132 kB]
#27 9.713 debconf: delaying package configuration, since apt-utils is not installed
#27 9.734 Fetched 21.8 MB in 8s (2521 kB/s)
#27 9.768 Selecting previously unselected package libxau6:amd64.
#27 9.768 (Reading database ... (Reading database ... 5%(Reading database ... 10%(Reading database ... 15%(Reading database ... 20%(Reading database ... 25%(Reading database ... 30%(Reading database ... 35%(Reading database ... 40%(Reading database ... 45%(Reading database ... 50%(Reading database ... 55%(Reading database ... 60%(Reading database ... 65%(Reading database ... 70%(Reading database ... 75%(Reading database ... 80%(Reading database ... 85%(Reading database ... 90%(Reading database ... 95%(Reading database ... 100%(Reading database ... 14043 files and directories currently installed.)
#27 9.835 Preparing to unpack .../libxau6_1%3a1.0.8-1_amd64.deb ...
#27 9.840 Unpacking libxau6:amd64 (1:1.0.8-1) ...
#27 9.881 Selecting previously unselected package libxdmcp6:amd64.
#27 9.882 Preparing to unpack .../libxdmcp6_1%3a1.1.2-1.1_amd64.deb ...
#27 9.891 Unpacking libxdmcp6:amd64 (1:1.1.2-1.1) ...
#27 9.932 Selecting previously unselected package libxcb1:amd64.
#27 9.933 Preparing to unpack .../libxcb1_1.11.1-1ubuntu1_amd64.deb ...
#27 9.937 Unpacking libxcb1:amd64 (1.11.1-1ubuntu1) ...
#27 9.971 Selecting previously unselected package libx11-data.
#27 9.972 Preparing to unpack .../libx11-data_2%3a1.6.3-1ubuntu2.2_all.deb ...
#27 9.977 Unpacking libx11-data (2:1.6.3-1ubuntu2.2) ...
#27 10.05 Selecting previously unselected package libx11-6:amd64.
#27 10.06 Preparing to unpack .../libx11-6_2%3a1.6.3-1ubuntu2.2_amd64.deb ...
#27 10.06 Unpacking libx11-6:amd64 (2:1.6.3-1ubuntu2.2) ...
#27 10.13 Selecting previously unselected package libxext6:amd64.
#27 10.13 Preparing to unpack .../libxext6_2%3a1.3.3-1_amd64.deb ...
#27 10.13 Unpacking libxext6:amd64 (2:1.3.3-1) ...
#27 10.18 Selecting previously unselected package libxdamage1:amd64.
#27 10.18 Preparing to unpack .../libxdamage1_1%3a1.1.4-2_amd64.deb ...
#27 10.18 Unpacking libxdamage1:amd64 (1:1.1.4-2) ...
#27 10.23 Selecting previously unselected package libxfixes3:amd64.
#27 10.23 Preparing to unpack .../libxfixes3_1%3a5.0.1-2_amd64.deb ...
#27 10.24 Unpacking libxfixes3:amd64 (1:5.0.1-2) ...
#27 10.30 Selecting previously unselected package libxshmfence1:amd64.
#27 10.30 Preparing to unpack .../libxshmfence1_1.2-1_amd64.deb ...
#27 10.31 Unpacking libxshmfence1:amd64 (1.2-1) ...
#27 10.35 Selecting previously unselected package libxxf86vm1:amd64.
#27 10.35 Preparing to unpack .../libxxf86vm1_1%3a1.1.4-1_amd64.deb ...
#27 10.36 Unpacking libxxf86vm1:amd64 (1:1.1.4-1) ...
#27 10.40 Selecting previously unselected package libtxc-dxtn-s2tc0:amd64.
#27 10.40 Preparing to unpack .../libtxc-dxtn-s2tc0_0~git20131104-1.1_amd64.deb ...
#27 10.41 Unpacking libtxc-dxtn-s2tc0:amd64 (0~git20131104-1.1) ...
#27 10.45 Selecting previously unselected package libbsd0:amd64.
#27 10.45 Preparing to unpack .../libbsd0_0.8.2-1ubuntu0.1_amd64.deb ...
#27 10.45 Unpacking libbsd0:amd64 (0.8.2-1ubuntu0.1) ...
#27 10.49 Selecting previously unselected package libdrm-common.
#27 10.49 Preparing to unpack .../libdrm-common_2.4.91-2~16.04.1_all.deb ...
#27 10.50 Unpacking libdrm-common (2.4.91-2~16.04.1) ...
#27 10.53 Selecting previously unselected package libdrm2:amd64.
#27 10.54 Preparing to unpack .../libdrm2_2.4.91-2~16.04.1_amd64.deb ...
#27 10.54 Unpacking libdrm2:amd64 (2.4.91-2~16.04.1) ...
#27 10.57 Selecting previously unselected package libedit2:amd64.
#27 10.58 Preparing to unpack .../libedit2_3.1-20150325-1ubuntu2_amd64.deb ...
#27 10.58 Unpacking libedit2:amd64 (3.1-20150325-1ubuntu2) ...
#27 10.62 Selecting previously unselected package libelf1:amd64.
#27 10.62 Preparing to unpack .../libelf1_0.165-3ubuntu1.2_amd64.deb ...
#27 10.62 Unpacking libelf1:amd64 (0.165-3ubuntu1.2) ...
#27 10.66 Selecting previously unselected package libdrm-amdgpu1:amd64.
#27 10.66 Preparing to unpack .../libdrm-amdgpu1_2.4.91-2~16.04.1_amd64.deb ...
#27 10.66 Unpacking libdrm-amdgpu1:amd64 (2.4.91-2~16.04.1) ...
#27 10.70 Selecting previously unselected package libpciaccess0:amd64.
#27 10.70 Preparing to unpack .../libpciaccess0_0.13.4-1_amd64.deb ...
#27 10.70 Unpacking libpciaccess0:amd64 (0.13.4-1) ...
#27 10.73 Selecting previously unselected package libdrm-intel1:amd64.
#27 10.74 Preparing to unpack .../libdrm-intel1_2.4.91-2~16.04.1_amd64.deb ...
#27 10.74 Unpacking libdrm-intel1:amd64 (2.4.91-2~16.04.1) ...
#27 10.77 Selecting previously unselected package libdrm-nouveau2:amd64.
#27 10.78 Preparing to unpack .../libdrm-nouveau2_2.4.91-2~16.04.1_amd64.deb ...
#27 10.78 Unpacking libdrm-nouveau2:amd64 (2.4.91-2~16.04.1) ...
#27 10.81 Selecting previously unselected package libdrm-radeon1:amd64.
#27 10.82 Preparing to unpack .../libdrm-radeon1_2.4.91-2~16.04.1_amd64.deb ...
#27 10.82 Unpacking libdrm-radeon1:amd64 (2.4.91-2~16.04.1) ...
#27 10.85 Selecting previously unselected package libglapi-mesa:amd64.
#27 10.85 Preparing to unpack .../libglapi-mesa_18.0.5-0ubuntu0~16.04.1_amd64.deb ...
#27 10.86 Unpacking libglapi-mesa:amd64 (18.0.5-0ubuntu0~16.04.1) ...
#27 10.89 Selecting previously unselected package libllvm6.0:amd64.
#27 10.89 Preparing to unpack .../libllvm6.0_1%3a6.0-1ubuntu2~16.04.1_amd64.deb ...
#27 10.90 Unpacking libllvm6.0:amd64 (1:6.0-1ubuntu2~16.04.1) ...
#27 11.59 Selecting previously unselected package libsensors4:amd64.
#27 11.59 Preparing to unpack .../libsensors4_1%3a3.4.0-2_amd64.deb ...
#27 11.60 Unpacking libsensors4:amd64 (1:3.4.0-2) ...
#27 11.64 Selecting previously unselected package libgl1-mesa-dri:amd64.
#27 11.64 Preparing to unpack .../libgl1-mesa-dri_18.0.5-0ubuntu0~16.04.1_amd64.deb ...
#27 11.64 Unpacking libgl1-mesa-dri:amd64 (18.0.5-0ubuntu0~16.04.1) ...
#27 11.95 Selecting previously unselected package libx11-xcb1:amd64.
#27 11.96 Preparing to unpack .../libx11-xcb1_2%3a1.6.3-1ubuntu2.2_amd64.deb ...
#27 11.96 Unpacking libx11-xcb1:amd64 (2:1.6.3-1ubuntu2.2) ...
#27 12.00 Selecting previously unselected package libxcb-dri2-0:amd64.
#27 12.01 Preparing to unpack .../libxcb-dri2-0_1.11.1-1ubuntu1_amd64.deb ...
#27 12.01 Unpacking libxcb-dri2-0:amd64 (1.11.1-1ubuntu1) ...
#27 12.05 Selecting previously unselected package libxcb-dri3-0:amd64.
#27 12.06 Preparing to unpack .../libxcb-dri3-0_1.11.1-1ubuntu1_amd64.deb ...
#27 12.06 Unpacking libxcb-dri3-0:amd64 (1.11.1-1ubuntu1) ...
#27 12.10 Selecting previously unselected package libxcb-glx0:amd64.
#27 12.11 Preparing to unpack .../libxcb-glx0_1.11.1-1ubuntu1_amd64.deb ...
#27 12.11 Unpacking libxcb-glx0:amd64 (1.11.1-1ubuntu1) ...
#27 12.15 Selecting previously unselected package libxcb-present0:amd64.
#27 12.15 Preparing to unpack .../libxcb-present0_1.11.1-1ubuntu1_amd64.deb ...
#27 12.16 Unpacking libxcb-present0:amd64 (1.11.1-1ubuntu1) ...
#27 12.20 Selecting previously unselected package libxcb-sync1:amd64.
#27 12.20 Preparing to unpack .../libxcb-sync1_1.11.1-1ubuntu1_amd64.deb ...
#27 12.21 Unpacking libxcb-sync1:amd64 (1.11.1-1ubuntu1) ...
#27 12.25 Selecting previously unselected package libgl1-mesa-glx:amd64.
#27 12.25 Preparing to unpack .../libgl1-mesa-glx_18.0.5-0ubuntu0~16.04.1_amd64.deb ...
#27 12.26 Unpacking libgl1-mesa-glx:amd64 (18.0.5-0ubuntu0~16.04.1) ...
#27 12.29 Processing triggers for libc-bin (2.23-0ubuntu10) ...
#27 12.41 Setting up libxau6:amd64 (1:1.0.8-1) ...
#27 12.43 Setting up libxdmcp6:amd64 (1:1.1.2-1.1) ...
#27 12.45 Setting up libxcb1:amd64 (1.11.1-1ubuntu1) ...
#27 12.46 Setting up libx11-data (2:1.6.3-1ubuntu2.2) ...
#27 12.48 Setting up libx11-6:amd64 (2:1.6.3-1ubuntu2.2) ...
#27 12.49 Setting up libxext6:amd64 (2:1.3.3-1) ...
#27 12.51 Setting up libxdamage1:amd64 (1:1.1.4-2) ...
#27 12.54 Setting up libxfixes3:amd64 (1:5.0.1-2) ...
#27 12.56 Setting up libxshmfence1:amd64 (1.2-1) ...
#27 12.58 Setting up libxxf86vm1:amd64 (1:1.1.4-1) ...
#27 12.60 Setting up libtxc-dxtn-s2tc0:amd64 (0~git20131104-1.1) ...
#27 12.63 update-alternatives: using /usr/lib/x86_64-linux-gnu/libtxc_dxtn_s2tc.so.0 to provide /usr/lib/x86_64-linux-gnu/libtxc_dxtn.so (libtxc-dxtn-x86_64-linux-gnu) in auto mode
#27 12.65 Setting up libbsd0:amd64 (0.8.2-1ubuntu0.1) ...
#27 12.66 Setting up libdrm-common (2.4.91-2~16.04.1) ...
#27 12.68 Setting up libdrm2:amd64 (2.4.91-2~16.04.1) ...
#27 12.69 Setting up libedit2:amd64 (3.1-20150325-1ubuntu2) ...
#27 12.70 Setting up libelf1:amd64 (0.165-3ubuntu1.2) ...
#27 12.72 Setting up libdrm-amdgpu1:amd64 (2.4.91-2~16.04.1) ...
#27 12.73 Setting up libpciaccess0:amd64 (0.13.4-1) ...
#27 12.75 Setting up libdrm-intel1:amd64 (2.4.91-2~16.04.1) ...
#27 12.77 Setting up libdrm-nouveau2:amd64 (2.4.91-2~16.04.1) ...
#27 12.78 Setting up libdrm-radeon1:amd64 (2.4.91-2~16.04.1) ...
#27 12.79 Setting up libglapi-mesa:amd64 (18.0.5-0ubuntu0~16.04.1) ...
#27 12.81 Setting up libllvm6.0:amd64 (1:6.0-1ubuntu2~16.04.1) ...
#27 12.82 Setting up libsensors4:amd64 (1:3.4.0-2) ...
#27 12.85 Setting up libgl1-mesa-dri:amd64 (18.0.5-0ubuntu0~16.04.1) ...
#27 12.87 Setting up libx11-xcb1:amd64 (2:1.6.3-1ubuntu2.2) ...
#27 12.89 Setting up libxcb-dri2-0:amd64 (1.11.1-1ubuntu1) ...
#27 12.90 Setting up libxcb-dri3-0:amd64 (1.11.1-1ubuntu1) ...
#27 12.91 Setting up libxcb-glx0:amd64 (1.11.1-1ubuntu1) ...
#27 12.92 Setting up libxcb-present0:amd64 (1.11.1-1ubuntu1) ...
#27 12.93 Setting up libxcb-sync1:amd64 (1.11.1-1ubuntu1) ...
#27 12.94 Setting up libgl1-mesa-glx:amd64 (18.0.5-0ubuntu0~16.04.1) ...
#27 12.95 update-alternatives: using /usr/lib/x86_64-linux-gnu/mesa/ld.so.conf to provide /etc/ld.so.conf.d/x86_64-linux-gnu_GL.conf (x86_64-linux-gnu_gl_conf) in auto mode
#27 12.97 Processing triggers for libc-bin (2.23-0ubuntu10) ...
#27 DONE 13.1s

#28 [AEYE-OpticNet 10/13] WORKDIR /app/AEYE_AI
#28 DONE 0.0s

#29 [AEYE-OpticNet 11/13] COPY /AEYE_AI/ /app/AEYE_AI/
#29 DONE 1.2s

#30 [AEYE-OpticNet 12/13] COPY /Docker/AEYE_AI/dependencies.txt /app/AEYE_AI
#30 DONE 0.6s

#31 [AEYE-OpticNet 13/13] RUN pip install -r dependencies.txt
#31 0.688 DEPRECATION: Python 3.5 reached the end of its life on September 13th, 2020. Please upgrade your Python as Python 3.5 is no longer maintained. pip 21.0 will drop support for Python 3.5 in January 2021. pip 21.0 will remove support for this functionality.
#31 0.753 Requirement already satisfied: colorama in /usr/local/lib/python3.5/dist-packages (from -r dependencies.txt (line 9)) (0.4.5)
#31 6.039 Collecting pytest
#31 11.07   Downloading pytest-6.1.2-py3-none-any.whl (272 kB)
#31 11.16 Collecting python-dotenv
#31 11.16   Downloading python_dotenv-0.20.0-py3-none-any.whl (17 kB)
#31 11.27 Collecting requests
#31 11.28   Downloading requests-2.25.1-py2.py3-none-any.whl (61 kB)
#31 11.29 Requirement already satisfied: pycm==1.9 in /usr/local/lib/python3.5/dist-packages (from -r dependencies.txt (line 20)) (1.9)
#31 11.29 Requirement already satisfied: matplotlib in /usr/local/lib/python3.5/dist-packages (from -r dependencies.txt (line 21)) (3.0.0)
#31 11.29 Requirement already satisfied: sklearn in /usr/local/lib/python3.5/dist-packages (from -r dependencies.txt (line 22)) (0.0)
#31 12.15 Collecting aiohttp
#31 12.16   Downloading aiohttp-2.3.10-cp35-cp35m-manylinux1_x86_64.whl (649 kB)
#31 12.20 Collecting asyncio
#31 12.21   Downloading asyncio-3.4.3-py3-none-any.whl (101 kB)
#31 12.22 Requirement already satisfied: numpy>=1.9.0 in /usr/local/lib/python3.5/dist-packages (from pycm==1.9->-r dependencies.txt (line 20)) (1.15.2)
#31 12.22 Requirement already satisfied: art>=1.8 in /usr/local/lib/python3.5/dist-packages (from pycm==1.9->-r dependencies.txt (line 20)) (6.2)
#31 12.61 Collecting yarl>=1.0.0
#31 12.62   Downloading yarl-1.6.0-cp35-cp35m-manylinux1_x86_64.whl (252 kB)
#31 12.65 Collecting async-timeout>=1.2.0
#31 12.66   Downloading async_timeout-2.0.1-py3-none-any.whl (5.9 kB)
#31 12.69 Collecting chardet
#31 12.70   Downloading chardet-4.0.0-py2.py3-none-any.whl (178 kB)
#31 13.24 Collecting multidict>=4.0.0
#31 13.25   Downloading multidict-5.0.2.tar.gz (53 kB)
#31 13.27   Installing build dependencies: started
#31 24.63   Installing build dependencies: finished with status 'done'
#31 24.63   Getting requirements to build wheel: started
#31 24.74   Getting requirements to build wheel: finished with status 'error'
#31 24.74   ERROR: Command errored out with exit status 1:
#31 24.74    command: /usr/bin/python3 /usr/local/lib/python3.5/dist-packages/pip/_vendor/pep517/_in_process.py get_requires_for_build_wheel /tmp/tmpirfiy4bh
#31 24.74        cwd: /tmp/pip-install-p9b9rvhy/multidict_09fc88f6f8b046deb30072243df1eaec
#31 24.74   Complete output (10 lines):
#31 24.74   Traceback (most recent call last):
#31 24.74     File "/usr/local/lib/python3.5/dist-packages/pip/_vendor/pep517/_in_process.py", line 280, in <module>
#31 24.74       main()
#31 24.74     File "/usr/local/lib/python3.5/dist-packages/pip/_vendor/pep517/_in_process.py", line 263, in main
#31 24.74       json_out['return_val'] = hook(**hook_input['kwargs'])
#31 24.74     File "/usr/local/lib/python3.5/dist-packages/pip/_vendor/pep517/_in_process.py", line 108, in get_requires_for_build_wheel
#31 24.74       backend = _build_backend()
#31 24.74     File "/usr/local/lib/python3.5/dist-packages/pip/_vendor/pep517/_in_process.py", line 99, in _build_backend
#31 24.74       obj = getattr(obj, path_part)
#31 24.74   AttributeError: module 'setuptools.build_meta' has no attribute '__legacy__'
#31 24.74   ----------------------------------------
#31 24.74 WARNING: Discarding https://files.pythonhosted.org/packages/da/e6/50c7f52781f45c2b37c77e962c30a3944a9e79a46ea92956e826c24d3432/multidict-5.0.2.tar.gz#sha256=e5bf89fe57f702a046c7ec718fe330ed50efd4bcf74722940db2eb0919cddb1c (from https://pypi.org/simple/multidict/) (requires-python:>=3.5). Command errored out with exit status 1: /usr/bin/python3 /usr/local/lib/python3.5/dist-packages/pip/_vendor/pep517/_in_process.py get_requires_for_build_wheel /tmp/tmpirfiy4bh Check the logs for full command output.
#31 24.75   Downloading multidict-5.0.1.tar.gz (53 kB)
#31 24.78   Installing build dependencies: started
#31 31.00   Installing build dependencies: finished with status 'done'
#31 31.01   Getting requirements to build wheel: started
#31 31.12   Getting requirements to build wheel: finished with status 'error'
#31 31.12   ERROR: Command errored out with exit status 1:
#31 31.12    command: /usr/bin/python3 /usr/local/lib/python3.5/dist-packages/pip/_vendor/pep517/_in_process.py get_requires_for_build_wheel /tmp/tmp3jy5oxjy
#31 31.12        cwd: /tmp/pip-install-p9b9rvhy/multidict_33f065c205fa4815a4dd3b7140c82d2b
#31 31.12   Complete output (10 lines):
#31 31.12   Traceback (most recent call last):
#31 31.12     File "/usr/local/lib/python3.5/dist-packages/pip/_vendor/pep517/_in_process.py", line 280, in <module>
#31 31.12       main()
#31 31.12     File "/usr/local/lib/python3.5/dist-packages/pip/_vendor/pep517/_in_process.py", line 263, in main
#31 31.12       json_out['return_val'] = hook(**hook_input['kwargs'])
#31 31.12     File "/usr/local/lib/python3.5/dist-packages/pip/_vendor/pep517/_in_process.py", line 108, in get_requires_for_build_wheel
#31 31.12       backend = _build_backend()
#31 31.12     File "/usr/local/lib/python3.5/dist-packages/pip/_vendor/pep517/_in_process.py", line 99, in _build_backend
#31 31.12       obj = getattr(obj, path_part)
#31 31.12   AttributeError: module 'setuptools.build_meta' has no attribute '__legacy__'
#31 31.12   ----------------------------------------
#31 31.12 WARNING: Discarding https://files.pythonhosted.org/packages/51/81/5306a57ded398c88893c279f3ae030234ce7577e5092216ac8faa476ab2d/multidict-5.0.1.tar.gz#sha256=0b4d193cb6749f3d200b699bcce0a71946fb869284eb4e040f49283187105fc3 (from https://pypi.org/simple/multidict/) (requires-python:>=3.5). Command errored out with exit status 1: /usr/bin/python3 /usr/local/lib/python3.5/dist-packages/pip/_vendor/pep517/_in_process.py get_requires_for_build_wheel /tmp/tmp3jy5oxjy Check the logs for full command output.
#31 31.14   Downloading multidict-5.0.0.tar.gz (53 kB)
#31 31.16   Installing build dependencies: started
#31 37.46   Installing build dependencies: finished with status 'done'
#31 37.46   Getting requirements to build wheel: started
#31 37.58   Getting requirements to build wheel: finished with status 'error'
#31 37.58   ERROR: Command errored out with exit status 1:
#31 37.58    command: /usr/bin/python3 /usr/local/lib/python3.5/dist-packages/pip/_vendor/pep517/_in_process.py get_requires_for_build_wheel /tmp/tmpj9kbksgk
#31 37.58        cwd: /tmp/pip-install-p9b9rvhy/multidict_427172d6a6a94b428c5f89e3fb2df598
#31 37.58   Complete output (10 lines):
#31 37.58   Traceback (most recent call last):
#31 37.58     File "/usr/local/lib/python3.5/dist-packages/pip/_vendor/pep517/_in_process.py", line 280, in <module>
#31 37.58       main()
#31 37.58     File "/usr/local/lib/python3.5/dist-packages/pip/_vendor/pep517/_in_process.py", line 263, in main
#31 37.58       json_out['return_val'] = hook(**hook_input['kwargs'])
#31 37.58     File "/usr/local/lib/python3.5/dist-packages/pip/_vendor/pep517/_in_process.py", line 108, in get_requires_for_build_wheel
#31 37.58       backend = _build_backend()
#31 37.58     File "/usr/local/lib/python3.5/dist-packages/pip/_vendor/pep517/_in_process.py", line 99, in _build_backend
#31 37.58       obj = getattr(obj, path_part)
#31 37.58   AttributeError: module 'setuptools.build_meta' has no attribute '__legacy__'
#31 37.58   ----------------------------------------
#31 37.58 WARNING: Discarding https://files.pythonhosted.org/packages/d2/5a/e95b0f9ebacd42e094e229a9a0a9e44d02876abf64969d0cb07dadcf3c4a/multidict-5.0.0.tar.gz#sha256=1b324444299c3a49b601b1bf621fc21704e29066f6ac2b7d7e4034a4a18662a1 (from https://pypi.org/simple/multidict/) (requires-python:>=3.5). Command errored out with exit status 1: /usr/bin/python3 /usr/local/lib/python3.5/dist-packages/pip/_vendor/pep517/_in_process.py get_requires_for_build_wheel /tmp/tmpj9kbksgk Check the logs for full command output.
#31 37.59   Downloading multidict-4.7.6-cp35-cp35m-manylinux1_x86_64.whl (148 kB)
#31 37.62 Collecting idna-ssl>=1.0.0
#31 37.63   Downloading idna-ssl-1.1.0.tar.gz (3.4 kB)
#31 37.83 Collecting idna>=2.0
#31 37.83   Downloading idna-3.7-py3-none-any.whl (66 kB)
#31 37.88 Collecting typing-extensions>=3.7.4
#31 37.89   Downloading typing_extensions-3.10.0.2-py3-none-any.whl (26 kB)
#31 37.90 Requirement already satisfied: kiwisolver>=1.0.1 in /usr/local/lib/python3.5/dist-packages (from matplotlib->-r dependencies.txt (line 21)) (1.0.1)
#31 37.90 Requirement already satisfied: python-dateutil>=2.1 in /usr/local/lib/python3.5/dist-packages (from matplotlib->-r dependencies.txt (line 21)) (2.7.3)
#31 37.90 Requirement already satisfied: cycler>=0.10 in /usr/local/lib/python3.5/dist-packages (from matplotlib->-r dependencies.txt (line 21)) (0.10.0)
#31 37.90 Requirement already satisfied: pyparsing!=2.0.4,!=2.1.2,!=2.1.6,>=2.0.1 in /usr/local/lib/python3.5/dist-packages (from matplotlib->-r dependencies.txt (line 21)) (2.2.2)
#31 37.91 Requirement already satisfied: six in /usr/local/lib/python3.5/dist-packages (from cycler>=0.10->matplotlib->-r dependencies.txt (line 21)) (1.11.0)
#31 37.91 Requirement already satisfied: setuptools in /usr/local/lib/python3.5/dist-packages (from kiwisolver>=1.0.1->matplotlib->-r dependencies.txt (line 21)) (40.4.3)
#31 38.02 Collecting importlib-metadata>=0.12
#31 38.02   Downloading importlib_metadata-2.1.3-py2.py3-none-any.whl (10 kB)
#31 38.08 Collecting packaging
#31 38.09   Downloading packaging-20.9-py2.py3-none-any.whl (40 kB)
#31 38.13 Collecting py>=1.8.2
#31 38.14   Downloading py-1.11.0-py2.py3-none-any.whl (98 kB)
#31 38.19 Collecting attrs>=17.4.0
#31 38.19   Downloading attrs-22.1.0-py2.py3-none-any.whl (58 kB)
#31 38.23 Collecting pathlib2>=2.2.0
#31 38.23   Downloading pathlib2-2.3.7.post1-py2.py3-none-any.whl (18 kB)
#31 38.30 Collecting toml
#31 38.30   Downloading toml-0.10.2-py2.py3-none-any.whl (16 kB)
#31 38.34 Collecting pluggy<1.0,>=0.12
#31 38.35   Downloading pluggy-0.13.1-py2.py3-none-any.whl (18 kB)
#31 38.37 Collecting iniconfig
#31 38.38   Downloading iniconfig-1.1.1-py2.py3-none-any.whl (5.0 kB)
#31 38.45 Collecting zipp>=0.5
#31 38.46   Downloading zipp-1.2.0-py2.py3-none-any.whl (4.8 kB)
#31 38.53 Collecting certifi>=2017.4.17
#31 38.54   Downloading certifi-2021.10.8-py2.py3-none-any.whl (149 kB)
#31 38.62 Collecting urllib3<1.27,>=1.21.1
#31 38.63   Downloading urllib3-1.26.9-py2.py3-none-any.whl (138 kB)
#31 38.65 Collecting idna>=2.0
#31 38.65   Downloading idna-2.10-py2.py3-none-any.whl (58 kB)
#31 38.68 Requirement already satisfied: scikit-learn in /usr/local/lib/python3.5/dist-packages (from sklearn->-r dependencies.txt (line 22)) (0.20.0)
#31 38.69 Requirement already satisfied: scipy>=0.13.3 in /usr/local/lib/python3.5/dist-packages (from scikit-learn->sklearn->-r dependencies.txt (line 22)) (1.1.0)
#31 38.70 Building wheels for collected packages: idna-ssl
#31 38.70   Building wheel for idna-ssl (setup.py): started
#31 38.87   Building wheel for idna-ssl (setup.py): finished with status 'done'
#31 38.87   Created wheel for idna-ssl: filename=idna_ssl-1.1.0-py3-none-any.whl size=3161 sha256=a9a5511e200183b02a4e4f09e7d9fcda9968ca2c7d77c559aa3c3dee6b6a3cc6
#31 38.87   Stored in directory: /root/.cache/pip/wheels/a9/0f/87/af29b8994a28856fb64c270177bbb6716da2690d07af2a2fb7
#31 38.88 Successfully built idna-ssl
#31 39.06 Installing collected packages: zipp, typing-extensions, multidict, importlib-metadata, idna, yarl, urllib3, toml, py, pluggy, pathlib2, packaging, iniconfig, idna-ssl, chardet, certifi, attrs, async-timeout, requests, python-dotenv, pytest, asyncio, aiohttp
#31 39.74 Successfully installed aiohttp-2.3.10 async-timeout-2.0.1 asyncio-3.4.3 attrs-22.1.0 certifi-2021.10.8 chardet-4.0.0 idna-2.10 idna-ssl-1.1.0 importlib-metadata-2.1.3 iniconfig-1.1.1 multidict-4.7.6 packaging-20.9 pathlib2-2.3.7.post1 pluggy-0.13.1 py-1.11.0 pytest-6.1.2 python-dotenv-0.20.0 requests-2.25.1 toml-0.10.2 typing-extensions-3.10.0.2 urllib3-1.26.9 yarl-1.6.0 zipp-1.2.0
#31 DONE 40.0s

#32 [AEYE-OpticNet] exporting to image
#32 exporting layers
#32 exporting layers 0.4s done
#32 writing image sha256:bfb49a351b15c8f88d143e7f64771cba51d5bc1c17f255a5f809f394d8a4cf55 done
#32 naming to docker.io/library/aeye_opticnet:1.0 done
#32 DONE 0.4s

#33 [AEYE-OpticNet] resolving provenance for metadata file
#33 DONE 0.0s
